\BOOKMARK [0][-]{chapter.1}{Introduction}{}% 1
\BOOKMARK [1][-]{section.1.1}{What is the goal of the SheafCohomologyOnToricVarieties package?}{chapter.1}% 2
\BOOKMARK [0][-]{chapter.2}{Tools for FPGradedModules}{}% 3
\BOOKMARK [1][-]{section.2.1}{Minimal free resolutions}{chapter.2}% 4
\BOOKMARK [1][-]{section.2.2}{Betti tables}{chapter.2}% 5
\BOOKMARK [1][-]{section.2.3}{Example: Minimal free resolution and Betti table}{chapter.2}% 6
\BOOKMARK [0][-]{chapter.3}{Additional methods and properties for toric varieties}{}% 7
\BOOKMARK [1][-]{section.3.1}{Input check for cohomology computations}{chapter.3}% 8
\BOOKMARK [1][-]{section.3.2}{Stanley-Reisner and irrelevant ideal via FpGradedModules}{chapter.3}% 9
\BOOKMARK [1][-]{section.3.3}{Monoms of given degree in the Cox ring}{chapter.3}% 10
\BOOKMARK [1][-]{section.3.4}{Example: Stanley-Reisner ideal for CAP}{chapter.3}% 11
\BOOKMARK [1][-]{section.3.5}{Example: Irrelevant ideal for CAP}{chapter.3}% 12
\BOOKMARK [1][-]{section.3.6}{Example: Monomials of given degree}{chapter.3}% 13
\BOOKMARK [0][-]{chapter.4}{Cohomology of coherent sheaves from resolution}{}% 14
\BOOKMARK [1][-]{section.4.1}{Deductions On Sheaf Cohomology From Cohomology Of projective modules in a minimal free resolution}{chapter.4}% 15
\BOOKMARK [1][-]{section.4.2}{Example: Pullback line bundle}{chapter.4}% 16
\BOOKMARK [0][-]{chapter.5}{Wrapper for generators of semigroups and hyperplane constraints of cones}{}% 17
\BOOKMARK [1][-]{section.5.1}{GAP Categories}{chapter.5}% 18
\BOOKMARK [1][-]{section.5.2}{Constructors}{chapter.5}% 19
\BOOKMARK [1][-]{section.5.3}{Attributes}{chapter.5}% 20
\BOOKMARK [1][-]{section.5.4}{Property}{chapter.5}% 21
\BOOKMARK [1][-]{section.5.5}{Operations}{chapter.5}% 22
\BOOKMARK [1][-]{section.5.6}{Check if point is contained in \(affine\) cone or \(affine \) semigroup}{chapter.5}% 23
\BOOKMARK [1][-]{section.5.7}{Examples}{chapter.5}% 24
\BOOKMARK [0][-]{chapter.6}{Vanishing sets on toric varieties}{}% 25
\BOOKMARK [1][-]{section.6.1}{GAP category for vanishing sets}{chapter.6}% 26
\BOOKMARK [1][-]{section.6.2}{Constructors}{chapter.6}% 27
\BOOKMARK [1][-]{section.6.3}{Attributes}{chapter.6}% 28
\BOOKMARK [1][-]{section.6.4}{Property}{chapter.6}% 29
\BOOKMARK [1][-]{section.6.5}{Improved vanishing sets via cohomCalg}{chapter.6}% 30
\BOOKMARK [1][-]{section.6.6}{Examples}{chapter.6}% 31
\BOOKMARK [0][-]{chapter.7}{Irreducible, complete, torus-invariant curves and proper 1-cycles in a toric variety}{}% 32
\BOOKMARK [1][-]{section.7.1}{GAP category of irreducible, complete, torus-invariant curves \(= ICT curves\)}{chapter.7}% 33
\BOOKMARK [1][-]{section.7.2}{Constructors for ICT Curves}{chapter.7}% 34
\BOOKMARK [1][-]{section.7.3}{Attributes for ICT curves}{chapter.7}% 35
\BOOKMARK [1][-]{section.7.4}{Operations with ICTCurves}{chapter.7}% 36
\BOOKMARK [1][-]{section.7.5}{GAP category for proper 1-cycles}{chapter.7}% 37
\BOOKMARK [1][-]{section.7.6}{Constructor For Proper 1-Cycles}{chapter.7}% 38
\BOOKMARK [1][-]{section.7.7}{Attributes for proper 1-cycles}{chapter.7}% 39
\BOOKMARK [1][-]{section.7.8}{Operations with proper 1-cycles}{chapter.7}% 40
\BOOKMARK [1][-]{section.7.9}{Examples in projective space}{chapter.7}% 41
\BOOKMARK [0][-]{chapter.8}{Nef and Mori Cone}{}% 42
\BOOKMARK [1][-]{section.8.1}{New Properties For Toric Divisors}{chapter.8}% 43
\BOOKMARK [1][-]{section.8.2}{Attributes}{chapter.8}% 44
\BOOKMARK [1][-]{section.8.3}{Nef and Mori Cone: Examples}{chapter.8}% 45
\BOOKMARK [0][-]{chapter.9}{DegreeXLayerVectorSpaces and morphisms}{}% 46
\BOOKMARK [1][-]{section.9.1}{GAP category of DegreeXLayerVectorSpaces}{chapter.9}% 47
\BOOKMARK [1][-]{section.9.2}{Constructors for DegreeXLayerVectorSpaces}{chapter.9}% 48
\BOOKMARK [1][-]{section.9.3}{Attributes for DegreeXLayerVectorSpaces}{chapter.9}% 49
\BOOKMARK [1][-]{section.9.4}{Attributes for DegreeXLayerVectorSpaceMorphisms}{chapter.9}% 50
\BOOKMARK [1][-]{section.9.5}{Attributes for DegreeXLayerVectorSpacePresentations}{chapter.9}% 51
\BOOKMARK [1][-]{section.9.6}{Attributes for DegreeXLayerVectorSpacePresentationMorphisms}{chapter.9}% 52
\BOOKMARK [1][-]{section.9.7}{Convenience methods}{chapter.9}% 53
\BOOKMARK [1][-]{section.9.8}{Examples}{chapter.9}% 54
\BOOKMARK [0][-]{chapter.10}{Truncations of graded rows and columns}{}% 55
\BOOKMARK [1][-]{section.10.1}{Truncations of graded rows and columns}{chapter.10}% 56
\BOOKMARK [1][-]{section.10.2}{Formats for generators of truncations of graded rows and columns}{chapter.10}% 57
\BOOKMARK [1][-]{section.10.3}{Truncations of graded row and column morphisms}{chapter.10}% 58
\BOOKMARK [1][-]{section.10.4}{Truncations of morphisms of graded rows and columns in parallel}{chapter.10}% 59
\BOOKMARK [1][-]{section.10.5}{Examples}{chapter.10}% 60
\BOOKMARK [0][-]{chapter.11}{Truncations of f.p. graded modules}{}% 61
\BOOKMARK [1][-]{section.11.1}{Truncations of fp graded modules}{chapter.11}% 62
\BOOKMARK [1][-]{section.11.2}{Truncations of fp graded modules in parallel}{chapter.11}% 63
\BOOKMARK [1][-]{section.11.3}{Truncations of fp graded modules morphisms}{chapter.11}% 64
\BOOKMARK [1][-]{section.11.4}{Truncations of fp graded modules morphisms in parallel}{chapter.11}% 65
\BOOKMARK [1][-]{section.11.5}{Truncations of f.p. graded module morphisms}{chapter.11}% 66
\BOOKMARK [0][-]{chapter.12}{Truncation functors for f.p. graded modules}{}% 67
\BOOKMARK [1][-]{section.12.1}{Truncation functor for graded rows and columns}{chapter.12}% 68
\BOOKMARK [1][-]{section.12.2}{Truncation functor for f.p. graded modules}{chapter.12}% 69
\BOOKMARK [1][-]{section.12.3}{Examples}{chapter.12}% 70
\BOOKMARK [0][-]{chapter.13}{Truncations of GradedExt for f.p. graded modules}{}% 71
\BOOKMARK [1][-]{section.13.1}{Truncations of InternalHoms of FpGradedModules}{chapter.13}% 72
\BOOKMARK [1][-]{section.13.2}{Truncations of InternalHoms of FpGradedModules to degree zero}{chapter.13}% 73
\BOOKMARK [1][-]{section.13.3}{Truncations of InternalHoms of FpGradedModules in parallel}{chapter.13}% 74
\BOOKMARK [1][-]{section.13.4}{Truncations of InternalHoms of FpGradedModules to degree zero in parallel}{chapter.13}% 75
\BOOKMARK [1][-]{section.13.5}{Examples}{chapter.13}% 76
\BOOKMARK [0][-]{chapter.14}{Sheaf cohomology by use of https://arxiv.org/abs/1802.08860}{}% 77
\BOOKMARK [1][-]{section.14.1}{Preliminaries}{chapter.14}% 78
\BOOKMARK [1][-]{section.14.2}{Computation of global sections}{chapter.14}% 79
\BOOKMARK [1][-]{section.14.3}{Computation of the i-th sheaf cohomologies}{chapter.14}% 80
\BOOKMARK [1][-]{section.14.4}{Computation of all sheaf cohomologies}{chapter.14}% 81
\BOOKMARK [1][-]{section.14.5}{Examples}{chapter.14}% 82
\BOOKMARK [0][-]{chapter.15}{Tools for cohomology computations}{}% 83
\BOOKMARK [1][-]{section.15.1}{Turn CAP Graded Modules into old graded modules and vice versa}{chapter.15}% 84
\BOOKMARK [1][-]{section.15.2}{Save CAP f.p. graded module to file}{chapter.15}% 85
\BOOKMARK [1][-]{section.15.3}{Approximation Of Sheaf Cohomologies}{chapter.15}% 86
\BOOKMARK [1][-]{section.15.4}{Examples}{chapter.15}% 87
\BOOKMARK [0][-]{section*.2}{Index}{}% 88
