This is pdfTeX, Version 3.14159265-2.6-1.40.18 (TeX Live 2017/Debian) (preloaded format=pdflatex 2018.12.27)  23 AUG 2019 10:32
entering extended mode
 restricted \write18 enabled.
 %&-line parsing enabled.
**SheafCohomologyOnToricVarieties
(./SheafCohomologyOnToricVarieties.tex
LaTeX2e <2017-04-15>
Babel <3.18> and hyphenation patterns for 84 language(s) loaded.
(/usr/share/texlive/texmf-dist/tex/latex/base/report.cls
Document Class: report 2014/09/29 v1.4h Standard LaTeX document class
(/usr/share/texlive/texmf-dist/tex/latex/base/size11.clo
File: size11.clo 2014/09/29 v1.4h Standard LaTeX file (size option)
)
\c@part=\count79
\c@chapter=\count80
\c@section=\count81
\c@subsection=\count82
\c@subsubsection=\count83
\c@paragraph=\count84
\c@subparagraph=\count85
\c@figure=\count86
\c@table=\count87
\abovecaptionskip=\skip41
\belowcaptionskip=\skip42
\bibindent=\dimen102
)
(/usr/share/texlive/texmf-dist/tex/latex/geometry/geometry.sty
Package: geometry 2010/09/12 v5.6 Page Geometry

(/usr/share/texlive/texmf-dist/tex/latex/graphics/keyval.sty
Package: keyval 2014/10/28 v1.15 key=value parser (DPC)
\KV@toks@=\toks14
)
(/usr/share/texlive/texmf-dist/tex/generic/oberdiek/ifpdf.sty
Package: ifpdf 2017/03/15 v3.2 Provides the ifpdf switch
)
(/usr/share/texlive/texmf-dist/tex/generic/oberdiek/ifvtex.sty
Package: ifvtex 2016/05/16 v1.6 Detect VTeX and its facilities (HO)
Package ifvtex Info: VTeX not detected.
)
(/usr/share/texlive/texmf-dist/tex/generic/ifxetex/ifxetex.sty
Package: ifxetex 2010/09/12 v0.6 Provides ifxetex conditional
)
\Gm@cnth=\count88
\Gm@cntv=\count89
\c@Gm@tempcnt=\count90
\Gm@bindingoffset=\dimen103
\Gm@wd@mp=\dimen104
\Gm@odd@mp=\dimen105
\Gm@even@mp=\dimen106
\Gm@layoutwidth=\dimen107
\Gm@layoutheight=\dimen108
\Gm@layouthoffset=\dimen109
\Gm@layoutvoffset=\dimen110
\Gm@dimlist=\toks15
)
(/usr/share/texlive/texmf-dist/tex/latex/amsfonts/amssymb.sty
Package: amssymb 2013/01/14 v3.01 AMS font symbols

(/usr/share/texlive/texmf-dist/tex/latex/amsfonts/amsfonts.sty
Package: amsfonts 2013/01/14 v3.01 Basic AMSFonts support
\@emptytoks=\toks16
\symAMSa=\mathgroup4
\symAMSb=\mathgroup5
LaTeX Font Info:    Overwriting math alphabet `\mathfrak' in version `bold'
(Font)                  U/euf/m/n --> U/euf/b/n on input line 106.
))
(/usr/share/texlive/texmf-dist/tex/latex/base/inputenc.sty
Package: inputenc 2015/03/17 v1.2c Input encoding file
\inpenc@prehook=\toks17
\inpenc@posthook=\toks18

(/usr/share/texlive/texmf-dist/tex/latex/base/utf8.def
File: utf8.def 2017/01/28 v1.1t UTF-8 support for inputenc
Now handling font encoding OML ...
... no UTF-8 mapping file for font encoding OML
Now handling font encoding T1 ...
... processing UTF-8 mapping file for font encoding T1

(/usr/share/texlive/texmf-dist/tex/latex/base/t1enc.dfu
File: t1enc.dfu 2017/01/28 v1.1t UTF-8 support for inputenc
   defining Unicode char U+00A0 (decimal 160)
   defining Unicode char U+00A1 (decimal 161)
   defining Unicode char U+00A3 (decimal 163)
   defining Unicode char U+00AB (decimal 171)
   defining Unicode char U+00AD (decimal 173)
   defining Unicode char U+00BB (decimal 187)
   defining Unicode char U+00BF (decimal 191)
   defining Unicode char U+00C0 (decimal 192)
   defining Unicode char U+00C1 (decimal 193)
   defining Unicode char U+00C2 (decimal 194)
   defining Unicode char U+00C3 (decimal 195)
   defining Unicode char U+00C4 (decimal 196)
   defining Unicode char U+00C5 (decimal 197)
   defining Unicode char U+00C6 (decimal 198)
   defining Unicode char U+00C7 (decimal 199)
   defining Unicode char U+00C8 (decimal 200)
   defining Unicode char U+00C9 (decimal 201)
   defining Unicode char U+00CA (decimal 202)
   defining Unicode char U+00CB (decimal 203)
   defining Unicode char U+00CC (decimal 204)
   defining Unicode char U+00CD (decimal 205)
   defining Unicode char U+00CE (decimal 206)
   defining Unicode char U+00CF (decimal 207)
   defining Unicode char U+00D0 (decimal 208)
   defining Unicode char U+00D1 (decimal 209)
   defining Unicode char U+00D2 (decimal 210)
   defining Unicode char U+00D3 (decimal 211)
   defining Unicode char U+00D4 (decimal 212)
   defining Unicode char U+00D5 (decimal 213)
   defining Unicode char U+00D6 (decimal 214)
   defining Unicode char U+00D8 (decimal 216)
   defining Unicode char U+00D9 (decimal 217)
   defining Unicode char U+00DA (decimal 218)
   defining Unicode char U+00DB (decimal 219)
   defining Unicode char U+00DC (decimal 220)
   defining Unicode char U+00DD (decimal 221)
   defining Unicode char U+00DE (decimal 222)
   defining Unicode char U+00DF (decimal 223)
   defining Unicode char U+00E0 (decimal 224)
   defining Unicode char U+00E1 (decimal 225)
   defining Unicode char U+00E2 (decimal 226)
   defining Unicode char U+00E3 (decimal 227)
   defining Unicode char U+00E4 (decimal 228)
   defining Unicode char U+00E5 (decimal 229)
   defining Unicode char U+00E6 (decimal 230)
   defining Unicode char U+00E7 (decimal 231)
   defining Unicode char U+00E8 (decimal 232)
   defining Unicode char U+00E9 (decimal 233)
   defining Unicode char U+00EA (decimal 234)
   defining Unicode char U+00EB (decimal 235)
   defining Unicode char U+00EC (decimal 236)
   defining Unicode char U+00ED (decimal 237)
   defining Unicode char U+00EE (decimal 238)
   defining Unicode char U+00EF (decimal 239)
   defining Unicode char U+00F0 (decimal 240)
   defining Unicode char U+00F1 (decimal 241)
   defining Unicode char U+00F2 (decimal 242)
   defining Unicode char U+00F3 (decimal 243)
   defining Unicode char U+00F4 (decimal 244)
   defining Unicode char U+00F5 (decimal 245)
   defining Unicode char U+00F6 (decimal 246)
   defining Unicode char U+00F8 (decimal 248)
   defining Unicode char U+00F9 (decimal 249)
   defining Unicode char U+00FA (decimal 250)
   defining Unicode char U+00FB (decimal 251)
   defining Unicode char U+00FC (decimal 252)
   defining Unicode char U+00FD (decimal 253)
   defining Unicode char U+00FE (decimal 254)
   defining Unicode char U+00FF (decimal 255)
   defining Unicode char U+0100 (decimal 256)
   defining Unicode char U+0101 (decimal 257)
   defining Unicode char U+0102 (decimal 258)
   defining Unicode char U+0103 (decimal 259)
   defining Unicode char U+0104 (decimal 260)
   defining Unicode char U+0105 (decimal 261)
   defining Unicode char U+0106 (decimal 262)
   defining Unicode char U+0107 (decimal 263)
   defining Unicode char U+0108 (decimal 264)
   defining Unicode char U+0109 (decimal 265)
   defining Unicode char U+010A (decimal 266)
   defining Unicode char U+010B (decimal 267)
   defining Unicode char U+010C (decimal 268)
   defining Unicode char U+010D (decimal 269)
   defining Unicode char U+010E (decimal 270)
   defining Unicode char U+010F (decimal 271)
   defining Unicode char U+0110 (decimal 272)
   defining Unicode char U+0111 (decimal 273)
   defining Unicode char U+0112 (decimal 274)
   defining Unicode char U+0113 (decimal 275)
   defining Unicode char U+0114 (decimal 276)
   defining Unicode char U+0115 (decimal 277)
   defining Unicode char U+0116 (decimal 278)
   defining Unicode char U+0117 (decimal 279)
   defining Unicode char U+0118 (decimal 280)
   defining Unicode char U+0119 (decimal 281)
   defining Unicode char U+011A (decimal 282)
   defining Unicode char U+011B (decimal 283)
   defining Unicode char U+011C (decimal 284)
   defining Unicode char U+011D (decimal 285)
   defining Unicode char U+011E (decimal 286)
   defining Unicode char U+011F (decimal 287)
   defining Unicode char U+0120 (decimal 288)
   defining Unicode char U+0121 (decimal 289)
   defining Unicode char U+0122 (decimal 290)
   defining Unicode char U+0123 (decimal 291)
   defining Unicode char U+0124 (decimal 292)
   defining Unicode char U+0125 (decimal 293)
   defining Unicode char U+0128 (decimal 296)
   defining Unicode char U+0129 (decimal 297)
   defining Unicode char U+012A (decimal 298)
   defining Unicode char U+012B (decimal 299)
   defining Unicode char U+012C (decimal 300)
   defining Unicode char U+012D (decimal 301)
   defining Unicode char U+012E (decimal 302)
   defining Unicode char U+012F (decimal 303)
   defining Unicode char U+0130 (decimal 304)
   defining Unicode char U+0131 (decimal 305)
   defining Unicode char U+0132 (decimal 306)
   defining Unicode char U+0133 (decimal 307)
   defining Unicode char U+0134 (decimal 308)
   defining Unicode char U+0135 (decimal 309)
   defining Unicode char U+0136 (decimal 310)
   defining Unicode char U+0137 (decimal 311)
   defining Unicode char U+0139 (decimal 313)
   defining Unicode char U+013A (decimal 314)
   defining Unicode char U+013B (decimal 315)
   defining Unicode char U+013C (decimal 316)
   defining Unicode char U+013D (decimal 317)
   defining Unicode char U+013E (decimal 318)
   defining Unicode char U+0141 (decimal 321)
   defining Unicode char U+0142 (decimal 322)
   defining Unicode char U+0143 (decimal 323)
   defining Unicode char U+0144 (decimal 324)
   defining Unicode char U+0145 (decimal 325)
   defining Unicode char U+0146 (decimal 326)
   defining Unicode char U+0147 (decimal 327)
   defining Unicode char U+0148 (decimal 328)
   defining Unicode char U+014A (decimal 330)
   defining Unicode char U+014B (decimal 331)
   defining Unicode char U+014C (decimal 332)
   defining Unicode char U+014D (decimal 333)
   defining Unicode char U+014E (decimal 334)
   defining Unicode char U+014F (decimal 335)
   defining Unicode char U+0150 (decimal 336)
   defining Unicode char U+0151 (decimal 337)
   defining Unicode char U+0152 (decimal 338)
   defining Unicode char U+0153 (decimal 339)
   defining Unicode char U+0154 (decimal 340)
   defining Unicode char U+0155 (decimal 341)
   defining Unicode char U+0156 (decimal 342)
   defining Unicode char U+0157 (decimal 343)
   defining Unicode char U+0158 (decimal 344)
   defining Unicode char U+0159 (decimal 345)
   defining Unicode char U+015A (decimal 346)
   defining Unicode char U+015B (decimal 347)
   defining Unicode char U+015C (decimal 348)
   defining Unicode char U+015D (decimal 349)
   defining Unicode char U+015E (decimal 350)
   defining Unicode char U+015F (decimal 351)
   defining Unicode char U+0160 (decimal 352)
   defining Unicode char U+0161 (decimal 353)
   defining Unicode char U+0162 (decimal 354)
   defining Unicode char U+0163 (decimal 355)
   defining Unicode char U+0164 (decimal 356)
   defining Unicode char U+0165 (decimal 357)
   defining Unicode char U+0168 (decimal 360)
   defining Unicode char U+0169 (decimal 361)
   defining Unicode char U+016A (decimal 362)
   defining Unicode char U+016B (decimal 363)
   defining Unicode char U+016C (decimal 364)
   defining Unicode char U+016D (decimal 365)
   defining Unicode char U+016E (decimal 366)
   defining Unicode char U+016F (decimal 367)
   defining Unicode char U+0170 (decimal 368)
   defining Unicode char U+0171 (decimal 369)
   defining Unicode char U+0172 (decimal 370)
   defining Unicode char U+0173 (decimal 371)
   defining Unicode char U+0174 (decimal 372)
   defining Unicode char U+0175 (decimal 373)
   defining Unicode char U+0176 (decimal 374)
   defining Unicode char U+0177 (decimal 375)
   defining Unicode char U+0178 (decimal 376)
   defining Unicode char U+0179 (decimal 377)
   defining Unicode char U+017A (decimal 378)
   defining Unicode char U+017B (decimal 379)
   defining Unicode char U+017C (decimal 380)
   defining Unicode char U+017D (decimal 381)
   defining Unicode char U+017E (decimal 382)
   defining Unicode char U+01CD (decimal 461)
   defining Unicode char U+01CE (decimal 462)
   defining Unicode char U+01CF (decimal 463)
   defining Unicode char U+01D0 (decimal 464)
   defining Unicode char U+01D1 (decimal 465)
   defining Unicode char U+01D2 (decimal 466)
   defining Unicode char U+01D3 (decimal 467)
   defining Unicode char U+01D4 (decimal 468)
   defining Unicode char U+01E2 (decimal 482)
   defining Unicode char U+01E3 (decimal 483)
   defining Unicode char U+01E6 (decimal 486)
   defining Unicode char U+01E7 (decimal 487)
   defining Unicode char U+01E8 (decimal 488)
   defining Unicode char U+01E9 (decimal 489)
   defining Unicode char U+01EA (decimal 490)
   defining Unicode char U+01EB (decimal 491)
   defining Unicode char U+01F0 (decimal 496)
   defining Unicode char U+01F4 (decimal 500)
   defining Unicode char U+01F5 (decimal 501)
   defining Unicode char U+0218 (decimal 536)
   defining Unicode char U+0219 (decimal 537)
   defining Unicode char U+021A (decimal 538)
   defining Unicode char U+021B (decimal 539)
   defining Unicode char U+0232 (decimal 562)
   defining Unicode char U+0233 (decimal 563)
   defining Unicode char U+1E02 (decimal 7682)
   defining Unicode char U+1E03 (decimal 7683)
   defining Unicode char U+200C (decimal 8204)
   defining Unicode char U+2010 (decimal 8208)
   defining Unicode char U+2011 (decimal 8209)
   defining Unicode char U+2012 (decimal 8210)
   defining Unicode char U+2013 (decimal 8211)
   defining Unicode char U+2014 (decimal 8212)
   defining Unicode char U+2015 (decimal 8213)
   defining Unicode char U+2018 (decimal 8216)
   defining Unicode char U+2019 (decimal 8217)
   defining Unicode char U+201A (decimal 8218)
   defining Unicode char U+201C (decimal 8220)
   defining Unicode char U+201D (decimal 8221)
   defining Unicode char U+201E (decimal 8222)
   defining Unicode char U+2030 (decimal 8240)
   defining Unicode char U+2031 (decimal 8241)
   defining Unicode char U+2039 (decimal 8249)
   defining Unicode char U+203A (decimal 8250)
   defining Unicode char U+2423 (decimal 9251)
   defining Unicode char U+1E20 (decimal 7712)
   defining Unicode char U+1E21 (decimal 7713)
)
Now handling font encoding OT1 ...
... processing UTF-8 mapping file for font encoding OT1

(/usr/share/texlive/texmf-dist/tex/latex/base/ot1enc.dfu
File: ot1enc.dfu 2017/01/28 v1.1t UTF-8 support for inputenc
   defining Unicode char U+00A0 (decimal 160)
   defining Unicode char U+00A1 (decimal 161)
   defining Unicode char U+00A3 (decimal 163)
   defining Unicode char U+00AD (decimal 173)
   defining Unicode char U+00B8 (decimal 184)
   defining Unicode char U+00BF (decimal 191)
   defining Unicode char U+00C5 (decimal 197)
   defining Unicode char U+00C6 (decimal 198)
   defining Unicode char U+00D8 (decimal 216)
   defining Unicode char U+00DF (decimal 223)
   defining Unicode char U+00E6 (decimal 230)
   defining Unicode char U+00EC (decimal 236)
   defining Unicode char U+00ED (decimal 237)
   defining Unicode char U+00EE (decimal 238)
   defining Unicode char U+00EF (decimal 239)
   defining Unicode char U+00F8 (decimal 248)
   defining Unicode char U+0131 (decimal 305)
   defining Unicode char U+0141 (decimal 321)
   defining Unicode char U+0142 (decimal 322)
   defining Unicode char U+0152 (decimal 338)
   defining Unicode char U+0153 (decimal 339)
   defining Unicode char U+0174 (decimal 372)
   defining Unicode char U+0175 (decimal 373)
   defining Unicode char U+0176 (decimal 374)
   defining Unicode char U+0177 (decimal 375)
   defining Unicode char U+0218 (decimal 536)
   defining Unicode char U+0219 (decimal 537)
   defining Unicode char U+021A (decimal 538)
   defining Unicode char U+021B (decimal 539)
   defining Unicode char U+2013 (decimal 8211)
   defining Unicode char U+2014 (decimal 8212)
   defining Unicode char U+2018 (decimal 8216)
   defining Unicode char U+2019 (decimal 8217)
   defining Unicode char U+201C (decimal 8220)
   defining Unicode char U+201D (decimal 8221)
)
Now handling font encoding OMS ...
... processing UTF-8 mapping file for font encoding OMS

(/usr/share/texlive/texmf-dist/tex/latex/base/omsenc.dfu
File: omsenc.dfu 2017/01/28 v1.1t UTF-8 support for inputenc
   defining Unicode char U+00A7 (decimal 167)
   defining Unicode char U+00B6 (decimal 182)
   defining Unicode char U+00B7 (decimal 183)
   defining Unicode char U+2020 (decimal 8224)
   defining Unicode char U+2021 (decimal 8225)
   defining Unicode char U+2022 (decimal 8226)
)
Now handling font encoding OMX ...
... no UTF-8 mapping file for font encoding OMX
Now handling font encoding U ...
... no UTF-8 mapping file for font encoding U
   defining Unicode char U+00A9 (decimal 169)
   defining Unicode char U+00AA (decimal 170)
   defining Unicode char U+00AE (decimal 174)
   defining Unicode char U+00BA (decimal 186)
   defining Unicode char U+02C6 (decimal 710)
   defining Unicode char U+02DC (decimal 732)
   defining Unicode char U+200C (decimal 8204)
   defining Unicode char U+2026 (decimal 8230)
   defining Unicode char U+2122 (decimal 8482)
   defining Unicode char U+2423 (decimal 9251)
))
(/usr/share/texlive/texmf-dist/tex/latex/base/makeidx.sty
Package: makeidx 2014/09/29 v1.0m Standard LaTeX package
)
\@indexfile=\write3
\openout3 = `SheafCohomologyOnToricVarieties.idx'.


Writing index file SheafCohomologyOnToricVarieties.idx
(/usr/share/texlive/texmf-dist/tex/latex/graphics/color.sty
Package: color 2016/07/10 v1.1e Standard LaTeX Color (DPC)

(/usr/share/texlive/texmf-dist/tex/latex/graphics-cfg/color.cfg
File: color.cfg 2016/01/02 v1.6 sample color configuration
)
Package color Info: Driver file: pdftex.def on input line 147.

(/usr/share/texlive/texmf-dist/tex/latex/graphics-def/pdftex.def
File: pdftex.def 2018/01/08 v1.0l Graphics/color driver for pdftex
))
(/usr/share/texlive/texmf-dist/tex/latex/fancyvrb/fancyvrb.sty
Package: fancyvrb 2008/02/07

Style option: `fancyvrb' v2.7a, with DG/SPQR fixes, and firstline=lastline fix 
<2008/02/07> (tvz)
\FV@CodeLineNo=\count91
\FV@InFile=\read1
\FV@TabBox=\box26
\c@FancyVerbLine=\count92
\FV@StepNumber=\count93
\FV@OutFile=\write4
)
(/usr/share/texlive/texmf-dist/tex/latex/psnfss/mathptmx.sty
Package: mathptmx 2005/04/12 PSNFSS-v9.2a Times w/ Math, improved (SPQR, WaS) 
LaTeX Font Info:    Redeclaring symbol font `operators' on input line 28.
LaTeX Font Info:    Overwriting symbol font `operators' in version `normal'
(Font)                  OT1/cmr/m/n --> OT1/ztmcm/m/n on input line 28.
LaTeX Font Info:    Overwriting symbol font `operators' in version `bold'
(Font)                  OT1/cmr/bx/n --> OT1/ztmcm/m/n on input line 28.
LaTeX Font Info:    Redeclaring symbol font `letters' on input line 29.
LaTeX Font Info:    Overwriting symbol font `letters' in version `normal'
(Font)                  OML/cmm/m/it --> OML/ztmcm/m/it on input line 29.
LaTeX Font Info:    Overwriting symbol font `letters' in version `bold'
(Font)                  OML/cmm/b/it --> OML/ztmcm/m/it on input line 29.
LaTeX Font Info:    Redeclaring symbol font `symbols' on input line 30.
LaTeX Font Info:    Overwriting symbol font `symbols' in version `normal'
(Font)                  OMS/cmsy/m/n --> OMS/ztmcm/m/n on input line 30.
LaTeX Font Info:    Overwriting symbol font `symbols' in version `bold'
(Font)                  OMS/cmsy/b/n --> OMS/ztmcm/m/n on input line 30.
LaTeX Font Info:    Redeclaring symbol font `largesymbols' on input line 31.
LaTeX Font Info:    Overwriting symbol font `largesymbols' in version `normal'
(Font)                  OMX/cmex/m/n --> OMX/ztmcm/m/n on input line 31.
LaTeX Font Info:    Overwriting symbol font `largesymbols' in version `bold'
(Font)                  OMX/cmex/m/n --> OMX/ztmcm/m/n on input line 31.
\symbold=\mathgroup6
\symitalic=\mathgroup7
LaTeX Font Info:    Redeclaring math alphabet \mathbf on input line 34.
LaTeX Font Info:    Overwriting math alphabet `\mathbf' in version `normal'
(Font)                  OT1/cmr/bx/n --> OT1/ptm/bx/n on input line 34.
LaTeX Font Info:    Overwriting math alphabet `\mathbf' in version `bold'
(Font)                  OT1/cmr/bx/n --> OT1/ptm/bx/n on input line 34.
LaTeX Font Info:    Redeclaring math alphabet \mathit on input line 35.
LaTeX Font Info:    Overwriting math alphabet `\mathit' in version `normal'
(Font)                  OT1/cmr/m/it --> OT1/ptm/m/it on input line 35.
LaTeX Font Info:    Overwriting math alphabet `\mathit' in version `bold'
(Font)                  OT1/cmr/bx/it --> OT1/ptm/m/it on input line 35.
LaTeX Info: Redefining \hbar on input line 50.
)
(/usr/share/texlive/texmf-dist/tex/latex/psnfss/helvet.sty
Package: helvet 2005/04/12 PSNFSS-v9.2a (WaS) 
)
(/usr/share/texlive/texmf-dist/tex/latex/base/fontenc.sty
Package: fontenc 2017/04/05 v2.0i Standard LaTeX package

(/usr/share/texlive/texmf-dist/tex/latex/base/t1enc.def
File: t1enc.def 2017/04/05 v2.0i Standard LaTeX file
LaTeX Font Info:    Redeclaring font encoding T1 on input line 48.
))
(/usr/share/texlive/texmf-dist/tex/latex/base/textcomp.sty
Package: textcomp 2017/04/05 v2.0i Standard LaTeX package
Package textcomp Info: Sub-encoding information:
(textcomp)               5 = only ISO-Adobe without \textcurrency
(textcomp)               4 = 5 + \texteuro
(textcomp)               3 = 4 + \textohm
(textcomp)               2 = 3 + \textestimated + \textcurrency
(textcomp)               1 = TS1 - \textcircled - \t
(textcomp)               0 = TS1 (full)
(textcomp)             Font families with sub-encoding setting implement
(textcomp)             only a restricted character set as indicated.
(textcomp)             Family '?' is the default used for unknown fonts.
(textcomp)             See the documentation for details.
Package textcomp Info: Setting ? sub-encoding to TS1/1 on input line 79.

(/usr/share/texlive/texmf-dist/tex/latex/base/ts1enc.def
File: ts1enc.def 2001/06/05 v3.0e (jk/car/fm) Standard LaTeX file
Now handling font encoding TS1 ...
... processing UTF-8 mapping file for font encoding TS1

(/usr/share/texlive/texmf-dist/tex/latex/base/ts1enc.dfu
File: ts1enc.dfu 2017/01/28 v1.1t UTF-8 support for inputenc
   defining Unicode char U+00A2 (decimal 162)
   defining Unicode char U+00A3 (decimal 163)
   defining Unicode char U+00A4 (decimal 164)
   defining Unicode char U+00A5 (decimal 165)
   defining Unicode char U+00A6 (decimal 166)
   defining Unicode char U+00A7 (decimal 167)
   defining Unicode char U+00A8 (decimal 168)
   defining Unicode char U+00A9 (decimal 169)
   defining Unicode char U+00AA (decimal 170)
   defining Unicode char U+00AC (decimal 172)
   defining Unicode char U+00AE (decimal 174)
   defining Unicode char U+00AF (decimal 175)
   defining Unicode char U+00B0 (decimal 176)
   defining Unicode char U+00B1 (decimal 177)
   defining Unicode char U+00B2 (decimal 178)
   defining Unicode char U+00B3 (decimal 179)
   defining Unicode char U+00B4 (decimal 180)
   defining Unicode char U+00B5 (decimal 181)
   defining Unicode char U+00B6 (decimal 182)
   defining Unicode char U+00B7 (decimal 183)
   defining Unicode char U+00B9 (decimal 185)
   defining Unicode char U+00BA (decimal 186)
   defining Unicode char U+00BC (decimal 188)
   defining Unicode char U+00BD (decimal 189)
   defining Unicode char U+00BE (decimal 190)
   defining Unicode char U+00D7 (decimal 215)
   defining Unicode char U+00F7 (decimal 247)
   defining Unicode char U+0192 (decimal 402)
   defining Unicode char U+02C7 (decimal 711)
   defining Unicode char U+02D8 (decimal 728)
   defining Unicode char U+02DD (decimal 733)
   defining Unicode char U+0E3F (decimal 3647)
   defining Unicode char U+2016 (decimal 8214)
   defining Unicode char U+2020 (decimal 8224)
   defining Unicode char U+2021 (decimal 8225)
   defining Unicode char U+2022 (decimal 8226)
   defining Unicode char U+2030 (decimal 8240)
   defining Unicode char U+2031 (decimal 8241)
   defining Unicode char U+203B (decimal 8251)
   defining Unicode char U+203D (decimal 8253)
   defining Unicode char U+2044 (decimal 8260)
   defining Unicode char U+204E (decimal 8270)
   defining Unicode char U+2052 (decimal 8274)
   defining Unicode char U+20A1 (decimal 8353)
   defining Unicode char U+20A4 (decimal 8356)
   defining Unicode char U+20A6 (decimal 8358)
   defining Unicode char U+20A9 (decimal 8361)
   defining Unicode char U+20AB (decimal 8363)
   defining Unicode char U+20AC (decimal 8364)
   defining Unicode char U+20B1 (decimal 8369)
   defining Unicode char U+2103 (decimal 8451)
   defining Unicode char U+2116 (decimal 8470)
   defining Unicode char U+2117 (decimal 8471)
   defining Unicode char U+211E (decimal 8478)
   defining Unicode char U+2120 (decimal 8480)
   defining Unicode char U+2122 (decimal 8482)
   defining Unicode char U+2126 (decimal 8486)
   defining Unicode char U+2127 (decimal 8487)
   defining Unicode char U+212E (decimal 8494)
   defining Unicode char U+2190 (decimal 8592)
   defining Unicode char U+2191 (decimal 8593)
   defining Unicode char U+2192 (decimal 8594)
   defining Unicode char U+2193 (decimal 8595)
   defining Unicode char U+2329 (decimal 9001)
   defining Unicode char U+232A (decimal 9002)
   defining Unicode char U+2422 (decimal 9250)
   defining Unicode char U+25E6 (decimal 9702)
   defining Unicode char U+25EF (decimal 9711)
   defining Unicode char U+266A (decimal 9834)
))
LaTeX Info: Redefining \oldstylenums on input line 334.
Package textcomp Info: Setting cmr sub-encoding to TS1/0 on input line 349.
Package textcomp Info: Setting cmss sub-encoding to TS1/0 on input line 350.
Package textcomp Info: Setting cmtt sub-encoding to TS1/0 on input line 351.
Package textcomp Info: Setting cmvtt sub-encoding to TS1/0 on input line 352.
Package textcomp Info: Setting cmbr sub-encoding to TS1/0 on input line 353.
Package textcomp Info: Setting cmtl sub-encoding to TS1/0 on input line 354.
Package textcomp Info: Setting ccr sub-encoding to TS1/0 on input line 355.
Package textcomp Info: Setting ptm sub-encoding to TS1/4 on input line 356.
Package textcomp Info: Setting pcr sub-encoding to TS1/4 on input line 357.
Package textcomp Info: Setting phv sub-encoding to TS1/4 on input line 358.
Package textcomp Info: Setting ppl sub-encoding to TS1/3 on input line 359.
Package textcomp Info: Setting pag sub-encoding to TS1/4 on input line 360.
Package textcomp Info: Setting pbk sub-encoding to TS1/4 on input line 361.
Package textcomp Info: Setting pnc sub-encoding to TS1/4 on input line 362.
Package textcomp Info: Setting pzc sub-encoding to TS1/4 on input line 363.
Package textcomp Info: Setting bch sub-encoding to TS1/4 on input line 364.
Package textcomp Info: Setting put sub-encoding to TS1/5 on input line 365.
Package textcomp Info: Setting uag sub-encoding to TS1/5 on input line 366.
Package textcomp Info: Setting ugq sub-encoding to TS1/5 on input line 367.
Package textcomp Info: Setting ul8 sub-encoding to TS1/4 on input line 368.
Package textcomp Info: Setting ul9 sub-encoding to TS1/4 on input line 369.
Package textcomp Info: Setting augie sub-encoding to TS1/5 on input line 370.
Package textcomp Info: Setting dayrom sub-encoding to TS1/3 on input line 371.
Package textcomp Info: Setting dayroms sub-encoding to TS1/3 on input line 372.

Package textcomp Info: Setting pxr sub-encoding to TS1/0 on input line 373.
Package textcomp Info: Setting pxss sub-encoding to TS1/0 on input line 374.
Package textcomp Info: Setting pxtt sub-encoding to TS1/0 on input line 375.
Package textcomp Info: Setting txr sub-encoding to TS1/0 on input line 376.
Package textcomp Info: Setting txss sub-encoding to TS1/0 on input line 377.
Package textcomp Info: Setting txtt sub-encoding to TS1/0 on input line 378.
Package textcomp Info: Setting lmr sub-encoding to TS1/0 on input line 379.
Package textcomp Info: Setting lmdh sub-encoding to TS1/0 on input line 380.
Package textcomp Info: Setting lmss sub-encoding to TS1/0 on input line 381.
Package textcomp Info: Setting lmssq sub-encoding to TS1/0 on input line 382.
Package textcomp Info: Setting lmvtt sub-encoding to TS1/0 on input line 383.
Package textcomp Info: Setting lmtt sub-encoding to TS1/0 on input line 384.
Package textcomp Info: Setting qhv sub-encoding to TS1/0 on input line 385.
Package textcomp Info: Setting qag sub-encoding to TS1/0 on input line 386.
Package textcomp Info: Setting qbk sub-encoding to TS1/0 on input line 387.
Package textcomp Info: Setting qcr sub-encoding to TS1/0 on input line 388.
Package textcomp Info: Setting qcs sub-encoding to TS1/0 on input line 389.
Package textcomp Info: Setting qpl sub-encoding to TS1/0 on input line 390.
Package textcomp Info: Setting qtm sub-encoding to TS1/0 on input line 391.
Package textcomp Info: Setting qzc sub-encoding to TS1/0 on input line 392.
Package textcomp Info: Setting qhvc sub-encoding to TS1/0 on input line 393.
Package textcomp Info: Setting futs sub-encoding to TS1/4 on input line 394.
Package textcomp Info: Setting futx sub-encoding to TS1/4 on input line 395.
Package textcomp Info: Setting futj sub-encoding to TS1/4 on input line 396.
Package textcomp Info: Setting hlh sub-encoding to TS1/3 on input line 397.
Package textcomp Info: Setting hls sub-encoding to TS1/3 on input line 398.
Package textcomp Info: Setting hlst sub-encoding to TS1/3 on input line 399.
Package textcomp Info: Setting hlct sub-encoding to TS1/5 on input line 400.
Package textcomp Info: Setting hlx sub-encoding to TS1/5 on input line 401.
Package textcomp Info: Setting hlce sub-encoding to TS1/5 on input line 402.
Package textcomp Info: Setting hlcn sub-encoding to TS1/5 on input line 403.
Package textcomp Info: Setting hlcw sub-encoding to TS1/5 on input line 404.
Package textcomp Info: Setting hlcf sub-encoding to TS1/5 on input line 405.
Package textcomp Info: Setting pplx sub-encoding to TS1/3 on input line 406.
Package textcomp Info: Setting pplj sub-encoding to TS1/3 on input line 407.
Package textcomp Info: Setting ptmx sub-encoding to TS1/4 on input line 408.
Package textcomp Info: Setting ptmj sub-encoding to TS1/4 on input line 409.
)
(/usr/share/texlive/texmf-dist/tex/latex/hyperref/hyperref.sty
Package: hyperref 2018/02/06 v6.86b Hypertext links for LaTeX

(/usr/share/texlive/texmf-dist/tex/generic/oberdiek/hobsub-hyperref.sty
Package: hobsub-hyperref 2016/05/16 v1.14 Bundle oberdiek, subset hyperref (HO)


(/usr/share/texlive/texmf-dist/tex/generic/oberdiek/hobsub-generic.sty
Package: hobsub-generic 2016/05/16 v1.14 Bundle oberdiek, subset generic (HO)
Package: hobsub 2016/05/16 v1.14 Construct package bundles (HO)
Package: infwarerr 2016/05/16 v1.4 Providing info/warning/error messages (HO)
Package: ltxcmds 2016/05/16 v1.23 LaTeX kernel commands for general use (HO)
Package: ifluatex 2016/05/16 v1.4 Provides the ifluatex switch (HO)
Package ifluatex Info: LuaTeX not detected.
Package hobsub Info: Skipping package `ifvtex' (already loaded).
Package: intcalc 2016/05/16 v1.2 Expandable calculations with integers (HO)
Package hobsub Info: Skipping package `ifpdf' (already loaded).
Package: etexcmds 2016/05/16 v1.6 Avoid name clashes with e-TeX commands (HO)
Package etexcmds Info: Could not find \expanded.
(etexcmds)             That can mean that you are not using pdfTeX 1.50 or
(etexcmds)             that some package has redefined \expanded.
(etexcmds)             In the latter case, load this package earlier.
Package: kvsetkeys 2016/05/16 v1.17 Key value parser (HO)
Package: kvdefinekeys 2016/05/16 v1.4 Define keys (HO)
Package: pdftexcmds 2018/01/21 v0.26 Utility functions of pdfTeX for LuaTeX (HO
)
Package pdftexcmds Info: LuaTeX not detected.
Package pdftexcmds Info: \pdf@primitive is available.
Package pdftexcmds Info: \pdf@ifprimitive is available.
Package pdftexcmds Info: \pdfdraftmode found.
Package: pdfescape 2016/05/16 v1.14 Implements pdfTeX's escape features (HO)
Package: bigintcalc 2016/05/16 v1.4 Expandable calculations on big integers (HO
)
Package: bitset 2016/05/16 v1.2 Handle bit-vector datatype (HO)
Package: uniquecounter 2016/05/16 v1.3 Provide unlimited unique counter (HO)
)
Package hobsub Info: Skipping package `hobsub' (already loaded).
Package: letltxmacro 2016/05/16 v1.5 Let assignment for LaTeX macros (HO)
Package: hopatch 2016/05/16 v1.3 Wrapper for package hooks (HO)
Package: xcolor-patch 2016/05/16 xcolor patch
Package: atveryend 2016/05/16 v1.9 Hooks at the very end of document (HO)
Package atveryend Info: \enddocument detected (standard20110627).
Package: atbegshi 2016/06/09 v1.18 At begin shipout hook (HO)
Package: refcount 2016/05/16 v3.5 Data extraction from label references (HO)
Package: hycolor 2016/05/16 v1.8 Color options for hyperref/bookmark (HO)
)
(/usr/share/texlive/texmf-dist/tex/latex/oberdiek/auxhook.sty
Package: auxhook 2016/05/16 v1.4 Hooks for auxiliary files (HO)
)
(/usr/share/texlive/texmf-dist/tex/latex/oberdiek/kvoptions.sty
Package: kvoptions 2016/05/16 v3.12 Key value format for package options (HO)
)
\@linkdim=\dimen111
\Hy@linkcounter=\count94
\Hy@pagecounter=\count95

(/usr/share/texlive/texmf-dist/tex/latex/hyperref/pd1enc.def
File: pd1enc.def 2018/02/06 v6.86b Hyperref: PDFDocEncoding definition (HO)
Now handling font encoding PD1 ...
... no UTF-8 mapping file for font encoding PD1
)
\Hy@SavedSpaceFactor=\count96

(/usr/share/texlive/texmf-dist/tex/latex/latexconfig/hyperref.cfg
File: hyperref.cfg 2002/06/06 v1.2 hyperref configuration of TeXLive
)

Package hyperref Warning: Unexpected value for option `pdftex'
(hyperref)                is ignored on input line 4383.

Package hyperref Info: Option `bookmarks' set `true' on input line 4383.

Package hyperref Warning: Option `a4paper' is no longer used.

Package hyperref Info: Option `colorlinks' set `true' on input line 4383.
Package hyperref Info: Option `breaklinks' set `true' on input line 4383.
Package hyperref Info: Hyper figures OFF on input line 4509.
Package hyperref Info: Link nesting OFF on input line 4514.
Package hyperref Info: Hyper index ON on input line 4517.
Package hyperref Info: Plain pages OFF on input line 4524.
Package hyperref Info: Backreferencing ON on input line 4527.
Package hyperref Info: Implicit mode ON; LaTeX internals redefined.
Package hyperref Info: Bookmarks ON on input line 4762.
(/usr/share/texlive/texmf-dist/tex/latex/hyperref/backref.sty
Package: backref 2016/05/21 v1.39 Bibliographical back referencing

(/usr/share/texlive/texmf-dist/tex/latex/oberdiek/rerunfilecheck.sty
Package: rerunfilecheck 2016/05/16 v1.8 Rerun checks for auxiliary files (HO)
Package uniquecounter Info: New unique counter `rerunfilecheck' on input line 2
82.
))
\c@Hy@tempcnt=\count97

(/usr/share/texlive/texmf-dist/tex/latex/url/url.sty
\Urlmuskip=\muskip10
Package: url 2013/09/16  ver 3.4  Verb mode for urls, etc.
)
LaTeX Info: Redefining \url on input line 5115.
\XeTeXLinkMargin=\dimen112
\Fld@menulength=\count98
\Field@Width=\dimen113
\Fld@charsize=\dimen114
Package hyperref Info: Hyper figures OFF on input line 6369.
Package hyperref Info: Link nesting OFF on input line 6374.
Package hyperref Info: Hyper index ON on input line 6377.
Package hyperref Info: backreferencing ON on input line 6382.
Package hyperref Info: Link coloring ON on input line 6387.
Package hyperref Info: Link coloring with OCG OFF on input line 6394.
Package hyperref Info: PDF/A mode OFF on input line 6399.
LaTeX Info: Redefining \ref on input line 6439.
LaTeX Info: Redefining \pageref on input line 6443.
\Hy@abspage=\count99
\c@Item=\count100
\c@Hfootnote=\count101
)
Package hyperref Info: Driver: hpdftex.

(/usr/share/texlive/texmf-dist/tex/latex/hyperref/hpdftex.def
File: hpdftex.def 2018/02/06 v6.86b Hyperref driver for pdfTeX
\Fld@listcount=\count102
\c@bookmark@seq@number=\count103
\Hy@SectionHShift=\skip43
)
\pagenrlog=\write5
\openout5 = `SheafCohomologyOnToricVarieties.pnr'.


(/usr/share/texlive/texmf-dist/tex/latex/enumitem/enumitem.sty
Package: enumitem 2011/09/28 v3.5.2 Customized lists
\labelindent=\skip44
\enit@outerparindent=\dimen115
\enit@toks=\toks19
\enit@inbox=\box27
\enitdp@description=\count104
)
(./SheafCohomologyOnToricVarieties.aux)
\openout1 = `SheafCohomologyOnToricVarieties.aux'.

LaTeX Font Info:    Checking defaults for OML/cmm/m/it on input line 87.
LaTeX Font Info:    ... okay on input line 87.
LaTeX Font Info:    Checking defaults for T1/cmr/m/n on input line 87.
LaTeX Font Info:    ... okay on input line 87.
LaTeX Font Info:    Checking defaults for OT1/cmr/m/n on input line 87.
LaTeX Font Info:    ... okay on input line 87.
LaTeX Font Info:    Checking defaults for OMS/cmsy/m/n on input line 87.
LaTeX Font Info:    ... okay on input line 87.
LaTeX Font Info:    Checking defaults for OMX/cmex/m/n on input line 87.
LaTeX Font Info:    ... okay on input line 87.
LaTeX Font Info:    Checking defaults for U/cmr/m/n on input line 87.
LaTeX Font Info:    ... okay on input line 87.
LaTeX Font Info:    Checking defaults for TS1/cmr/m/n on input line 87.
LaTeX Font Info:    Try loading font information for TS1+cmr on input line 87.

(/usr/share/texlive/texmf-dist/tex/latex/base/ts1cmr.fd
File: ts1cmr.fd 2014/09/29 v2.5h Standard LaTeX font definitions
)
LaTeX Font Info:    ... okay on input line 87.
LaTeX Font Info:    Checking defaults for PD1/pdf/m/n on input line 87.
LaTeX Font Info:    ... okay on input line 87.
LaTeX Font Info:    Try loading font information for T1+ptm on input line 87.

(/usr/share/texlive/texmf-dist/tex/latex/psnfss/t1ptm.fd
File: t1ptm.fd 2001/06/04 font definitions for T1/ptm.
)
*geometry* driver: auto-detecting
*geometry* detected driver: pdftex
*geometry* verbose mode - [ preamble ] result:
* driver: pdftex
* paper: a4paper
* layout: <same size as paper>
* layoutoffset:(h,v)=(0.0pt,0.0pt)
* modes: 
* h-part:(L,W,R)=(76.82243pt, 443.863pt, 76.82243pt)
* v-part:(T,H,B)=(105.27519pt, 634.49646pt, 105.27519pt)
* \paperwidth=597.50787pt
* \paperheight=845.04684pt
* \textwidth=443.863pt
* \textheight=634.49646pt
* \oddsidemargin=4.55244pt
* \evensidemargin=4.55244pt
* \topmargin=-3.9948pt
* \headheight=12.0pt
* \headsep=25.0pt
* \topskip=11.0pt
* \footskip=30.0pt
* \marginparwidth=50.0pt
* \marginparsep=10.0pt
* \columnsep=10.0pt
* \skip\footins=10.0pt plus 4.0pt minus 2.0pt
* \hoffset=0.0pt
* \voffset=0.0pt
* \mag=1000
* \@twocolumnfalse
* \@twosidefalse
* \@mparswitchfalse
* \@reversemarginfalse
* (1in=72.27pt=25.4mm, 1cm=28.453pt)

(/usr/share/texlive/texmf-dist/tex/context/base/mkii/supp-pdf.mkii
[Loading MPS to PDF converter (version 2006.09.02).]
\scratchcounter=\count105
\scratchdimen=\dimen116
\scratchbox=\box28
\nofMPsegments=\count106
\nofMParguments=\count107
\everyMPshowfont=\toks20
\MPscratchCnt=\count108
\MPscratchDim=\dimen117
\MPnumerator=\count109
\makeMPintoPDFobject=\count110
\everyMPtoPDFconversion=\toks21
)
\big@size=\dimen118
\AtBeginShipoutBox=\box29
Package hyperref Info: Link coloring ON on input line 87.
 (/usr/share/texlive/texmf-dist/tex/latex/hyperref/nameref.sty
Package: nameref 2016/05/21 v2.44 Cross-referencing by name of section

(/usr/share/texlive/texmf-dist/tex/generic/oberdiek/gettitlestring.sty
Package: gettitlestring 2016/05/16 v1.5 Cleanup title references (HO)
)
\c@section@level=\count111
)
LaTeX Info: Redefining \ref on input line 87.
LaTeX Info: Redefining \pageref on input line 87.
LaTeX Info: Redefining \nameref on input line 87.

(./SheafCohomologyOnToricVarieties.out) (./SheafCohomologyOnToricVarieties.out)
\@outlinefile=\write6
\openout6 = `SheafCohomologyOnToricVarieties.out'.

LaTeX Font Info:    Font shape `T1/ptm/bx/n' in size <50> not available
(Font)              Font shape `T1/ptm/b/n' tried instead on input line 93.
LaTeX Font Info:    Font shape `T1/ptm/bx/n' in size <24.88> not available
(Font)              Font shape `T1/ptm/b/n' tried instead on input line 98.
LaTeX Font Info:    Font shape `T1/ptm/bx/n' in size <14.4> not available
(Font)              Font shape `T1/ptm/b/n' tried instead on input line 105.

Package hyperref Warning: Token not allowed in a PDF string (PDFDocEncoding):
(hyperref)                removing `\\' on input line 107.

LaTeX Font Info:    Font shape `T1/ptm/bx/n' in size <10> not available
(Font)              Font shape `T1/ptm/b/n' tried instead on input line 113.
LaTeX Font Info:    Try loading font information for T1+cmtt on input line 113.

(/usr/share/texlive/texmf-dist/tex/latex/base/t1cmtt.fd
File: t1cmtt.fd 2014/09/29 v2.5h Standard LaTeX font definitions
)
Underfull \hbox (badness 10000) in paragraph at lines 115--122

 []


Underfull \hbox (badness 10000) in paragraph at lines 110--124

 []

[1

{/var/lib/texmf/fonts/map/pdftex/updmap/pdftex.map}]
(./SheafCohomologyOnToricVarieties.toc
LaTeX Font Info:    Font shape `T1/ptm/bx/n' in size <10.95> not available
(Font)              Font shape `T1/ptm/b/n' tried instead on input line 1.
LaTeX Font Info:    Try loading font information for OT1+ztmcm on input line 2.


(/usr/share/texlive/texmf-dist/tex/latex/psnfss/ot1ztmcm.fd
File: ot1ztmcm.fd 2000/01/03 Fontinst v1.801 font definitions for OT1/ztmcm.
)
LaTeX Font Info:    Try loading font information for OML+ztmcm on input line 2.


(/usr/share/texlive/texmf-dist/tex/latex/psnfss/omlztmcm.fd
File: omlztmcm.fd 2000/01/03 Fontinst v1.801 font definitions for OML/ztmcm.
)
LaTeX Font Info:    Try loading font information for OMS+ztmcm on input line 2.


(/usr/share/texlive/texmf-dist/tex/latex/psnfss/omsztmcm.fd
File: omsztmcm.fd 2000/01/03 Fontinst v1.801 font definitions for OMS/ztmcm.
)
LaTeX Font Info:    Try loading font information for OMX+ztmcm on input line 2.


(/usr/share/texlive/texmf-dist/tex/latex/psnfss/omxztmcm.fd
File: omxztmcm.fd 2000/01/03 Fontinst v1.801 font definitions for OMX/ztmcm.
)
LaTeX Font Info:    Try loading font information for OT1+ptm on input line 2.

(/usr/share/texlive/texmf-dist/tex/latex/psnfss/ot1ptm.fd
File: ot1ptm.fd 2001/06/04 font definitions for OT1/ptm.
)
LaTeX Font Info:    Font shape `OT1/ptm/bx/n' in size <10.95> not available
(Font)              Font shape `OT1/ptm/b/n' tried instead on input line 2.
LaTeX Font Info:    Font shape `OT1/ptm/bx/n' in size <8> not available
(Font)              Font shape `OT1/ptm/b/n' tried instead on input line 2.
LaTeX Font Info:    Font shape `OT1/ptm/bx/n' in size <6> not available
(Font)              Font shape `OT1/ptm/b/n' tried instead on input line 2.
 [2

] [3])
\tf@toc=\write7
\openout7 = `SheafCohomologyOnToricVarieties.toc'.

 [4]
Chapter 1.
LaTeX Font Info:    Font shape `T1/ptm/bx/n' in size <20.74> not available
(Font)              Font shape `T1/ptm/b/n' tried instead on input line 135.
[5

]
Chapter 2.
LaTeX Font Info:    Font shape `T1/ptm/bx/n' in size <12> not available
(Font)              Font shape `T1/ptm/b/n' tried instead on input line 172.
LaTeX Font Info:    Font shape `T1/cmtt/bx/n' in size <10> not available
(Font)              Font shape `T1/cmtt/m/n' tried instead on input line 250.
[6

] [7]
Chapter 3.
[8

] [9] [10] [11]
Chapter 4.
[12

] [13] [14]
Chapter 5.

Underfull \hbox (badness 10000) in paragraph at lines 783--786

 []


Underfull \hbox (badness 10000) in paragraph at lines 794--794
[][]\T1/ptm/b/n/12 AffineSemigroupForPresentationsByProjectiveGradedModules (fo
r Is-Semi-
 []

[15

]
Underfull \hbox (badness 10000) in paragraph at lines 813--816

 []


Underfull \hbox (badness 10000) in paragraph at lines 824--824
[][]\T1/ptm/b/n/12 AffineSemigroupForPresentationsByProjectiveGradedModules (fo
r Is-List,
 []


Underfull \hbox (badness 10000) in paragraph at lines 827--830
[]$\OML/ztmcm/m/it/10.95 .$\T1/cmtt/m/n/10.95 AffineSemigroupForPresentationsBy
ProjectiveGradedModules(\T1/cmtt/m/sl/10.95 arg1, arg2, arg3\T1/cmtt/m/n/10.95 
)[]
 []


Underfull \hbox (badness 10000) in paragraph at lines 827--830

 []

[16]
Underfull \hbox (badness 10000) in paragraph at lines 962--962
[][]\T1/ptm/b/n/12 IsSemigroupOfCone (for Is-Semi-group-For-P-re-sen-ta-tions-B
yPro-jec-tive-G-rad-ed-
 []

[17]
Underfull \hbox (badness 3148) in paragraph at lines 994--994
[][]\T1/ptm/b/n/12 IsAffineSemigroupOfCone (for IsAffine-Semi-group-For-P-re-se
n-ta-tions-ByPro-jec-
 []


Underfull \hbox (badness 10000) in paragraph at lines 1056--1056
[][]\T1/ptm/b/n/12 PointContainedInAffineSemigroup (for IsAffine-Semi-group-For
-P-re-sen-ta-tions-
 []

[18] [19] [20]
Chapter 6.
pdfTeX warning (ext4): destination with the same identifier (name{L.X86EC0F0A78
ECBC10}) has been already used, duplicate ignored
<to be read again> 
                   \relax 
l.1199 \hyperdef{L}{X86EC0F0A78ECBC10}{}
                                        
Underfull \hbox (badness 10000) in paragraph at lines 1222--1225

 []

pdfTeX warning (ext4): destination with the same identifier (name{L.X7C701DBF7B
AE649A}) has been already used, duplicate ignored
<to be read again> 
                   \relax 
l.1236 \hyperdef{L}{X7C701DBF7BAE649A}{}
                                         [21

]
Underfull \hbox (badness 10000) in paragraph at lines 1304--1307

 []

pdfTeX warning (ext4): destination with the same identifier (name{L.X854AB14486
3C3BB4}) has been already used, duplicate ignored
<to be read again> 
                   \relax 
l.1316 \hyperdef{L}{X854AB144863C3BB4}{}
                                        
Underfull \hbox (badness 10000) in paragraph at lines 1347--1350

 []


Underfull \hbox (badness 10000) in paragraph at lines 1363--1366

 []


Underfull \hbox (badness 10000) in paragraph at lines 1379--1382

 []

[22]
Underfull \hbox (badness 10000) in paragraph at lines 1395--1398

 []

pdfTeX warning (ext4): destination with the same identifier (name{L.X7A489A5D79
DA9E5C}) has been already used, duplicate ignored
<to be read again> 
                   \relax 
l.1409 \hyperdef{L}{X7A489A5D79DA9E5C}{}
                                         [23] [24] [25] [26]
Chapter 7.
[27

] [28]
Underfull \hbox (badness 10000) in paragraph at lines 1785--1788

 []

[29]
Underfull \hbox (badness 10000) in paragraph at lines 1923--1926

 []

[30] [31]
Chapter 8.
pdfTeX warning (ext4): destination with the same identifier (name{L.X7C701DBF7B
AE649A}) has been already used, duplicate ignored
<to be read again> 
                   \relax 
l.2042 \hyperdef{L}{X7C701DBF7BAE649A}{}
                                         [32

]
Underfull \hbox (badness 10000) in paragraph at lines 2113--2116

 []

[33] [34]
Chapter 9.

Underfull \hbox (badness 10000) in paragraph at lines 2305--2305
[][]\T1/ptm/b/n/12 DegreeXLayerVectorSpace (for Is-List, IsHoma-lgGrad-edRing, 
IsVec-
 []

[35

]
Underfull \hbox (badness 10000) in paragraph at lines 2353--2353
[][]\T1/ptm/b/n/12 DegreeXLayerVectorSpacePresentationMorphism (for Is-De-gre-e
XLay-erVec-
 []

[36] [37]
Underfull \hbox (badness 10000) in paragraph at lines 2513--2513
[][]\T1/ptm/b/n/12 UnderlyingDegreeXLayerVectorSpaceMorphism (for Is-De-gre-eXL
ay-erVec-
 []


Underfull \hbox (badness 3118) in paragraph at lines 2544--2544
[][]\T1/ptm/b/n/12 UnderlyingVectorSpaceMorphism (for Is-De-gre-eXLay-erVec-tor
SpaceP-re-sen-ta-
 []

[38]
Underfull \hbox (badness 10000) in paragraph at lines 2643--2643
[][]\T1/ptm/b/n/12 UnderlyingVectorSpacePresentationMorphism (for Is-De-gre-eXL
ay-erVec-
 []

pdfTeX warning (ext4): destination with the same identifier (name{L.X7A489A5D79
DA9E5C}) has been already used, duplicate ignored
<to be read again> 
                   \relax 
l.2698 \hyperdef{L}{X7A489A5D79DA9E5C}{}
                                         [39] [40] [41]
Chapter 10.
[42

pdfTeX warning (ext4): destination with the same identifier (name{L.X841A9F6986
80862E}) has been already used, duplicate ignored

\AtBegShi@Output ...ipout \box \AtBeginShipoutBox 
                                                  \fi \fi 
l.2906 \subsection
                  {\textcolor{Chapter }{DegreeXLayerOfGradedRowOrColumn (for...
]
Overfull \hbox (9.61273pt too wide) in paragraph at lines 2980--2980
[][]\T1/ptm/b/n/12 GeneratorsOfDegreeXLayerOfGradedRowOrColumnAsListOfColumnMat
rices
 []


Underfull \hbox (badness 10000) in paragraph at lines 2983--2988
[]$\OML/ztmcm/m/it/10.95 .$\T1/cmtt/m/n/10.95 GeneratorsOfDegreeXLayerOfGradedR
owOrColumnAsListOfColumnMatrices(\T1/cmtt/m/sl/10.95 V, M, l\T1/cmtt/m/n/10.95 
)[]
 []

[43]
Overfull \hbox (9.61273pt too wide) in paragraph at lines 2997--2997
[][]\T1/ptm/b/n/12 GeneratorsOfDegreeXLayerOfGradedRowOrColumnAsListOfColumnMat
rices
 []


Underfull \hbox (badness 10000) in paragraph at lines 3000--3005
[]$\OML/ztmcm/m/it/10.95 .$\T1/cmtt/m/n/10.95 GeneratorsOfDegreeXLayerOfGradedR
owOrColumnAsListOfColumnMatrices(\T1/cmtt/m/sl/10.95 V, M, m\T1/cmtt/m/n/10.95 
)[]
 []


Overfull \hbox (20.95279pt too wide) in paragraph at lines 3015--3015
[][]\T1/ptm/b/n/12 GeneratorsOfDegreeXLayerOfGradedRowOrColumnAsUnionOfColumnMa
trices
 []


Underfull \hbox (badness 10000) in paragraph at lines 3018--3023
[]$\OML/ztmcm/m/it/10.95 .$\T1/cmtt/m/n/10.95 GeneratorsOfDegreeXLayerOfGradedR
owOrColumnAsUnionOfColumnMatrices(\T1/cmtt/m/sl/10.95 V, M, m\T1/cmtt/m/n/10.95
 )[]
 []


Overfull \hbox (20.95279pt too wide) in paragraph at lines 3033--3033
[][]\T1/ptm/b/n/12 GeneratorsOfDegreeXLayerOfGradedRowOrColumnAsUnionOfColumnMa
trices
 []


Underfull \hbox (badness 10000) in paragraph at lines 3036--3041
[]$\OML/ztmcm/m/it/10.95 .$\T1/cmtt/m/n/10.95 GeneratorsOfDegreeXLayerOfGradedR
owOrColumnAsUnionOfColumnMatrices(\T1/cmtt/m/sl/10.95 V, M, m\T1/cmtt/m/n/10.95
 )[]
 []


Underfull \hbox (badness 10000) in paragraph at lines 3052--3052
[][]\T1/ptm/b/n/12 GeneratorsOfDegreeXLayerOfGradedRowOrColumnAsListsOfRecords 
(for
 []

[44]
Underfull \hbox (badness 10000) in paragraph at lines 3076--3076
[][]\T1/ptm/b/n/12 GeneratorsOfDegreeXLayerOfGradedRowOrColumnAsListsOfRecords 
(for
 []


Underfull \hbox (badness 10000) in paragraph at lines 3139--3139
[][]\T1/ptm/b/n/12 TruncateGradedRowOrColumnMorphism (for Is-Toric-Va-ri-ety, I
s-Grad-
 []


Underfull \hbox (badness 10000) in paragraph at lines 3155--3155
[][]\T1/ptm/b/n/12 TruncateGradedRowOrColumnMorphism (for Is-Toric-Va-ri-ety, I
s-Grad-
 []


Underfull \hbox (badness 5771) in paragraph at lines 3155--3155
\T1/ptm/b/n/12 edRowOr-Colum-n-Mor-phism, IsHoma-l-gMod-uleEle-ment, Is-Bool, I
sHoma-l-
 []

[45]
Underfull \hbox (badness 10000) in paragraph at lines 3171--3171
[][]\T1/ptm/b/n/12 TruncateGradedRowOrColumnMorphism (for Is-Toric-Va-ri-ety, I
s-Grad-
 []


Underfull \hbox (badness 10000) in paragraph at lines 3188--3188
[][]\T1/ptm/b/n/12 TruncateGradedRowOrColumnMorphism (for Is-Toric-Va-ri-ety, I
s-Grad-
 []


Underfull \hbox (badness 10000) in paragraph at lines 3205--3205
[][]\T1/ptm/b/n/12 TruncateGradedRowOrColumnMorphism (for Is-Toric-Va-ri-ety, I
s-Grad-
 []


Underfull \hbox (badness 10000) in paragraph at lines 3222--3222
[][]\T1/ptm/b/n/12 TruncateGradedRowOrColumnMorphism (for Is-Toric-Va-ri-ety, I
s-Grad-
 []


Underfull \hbox (badness 6608) in paragraph at lines 3239--3239
[][]\T1/ptm/b/n/12 DegreeXLayerOfGradedRowOrColumnMorphism (for Is-Toric-Va-ri-
ety, Is-
 []

[46]
Underfull \hbox (badness 6608) in paragraph at lines 3255--3255
[][]\T1/ptm/b/n/12 DegreeXLayerOfGradedRowOrColumnMorphism (for Is-Toric-Va-ri-
ety, Is-
 []


Underfull \hbox (badness 6608) in paragraph at lines 3271--3271
[][]\T1/ptm/b/n/12 DegreeXLayerOfGradedRowOrColumnMorphism (for Is-Toric-Va-ri-
ety, Is-
 []


Underfull \hbox (badness 2753) in paragraph at lines 3288--3288
[][]\T1/ptm/b/n/12 DegreeXLayerOfGradedRowOrColumnMorphism (for Is-Toric-Va-ri-
ety, Is-
 []


Underfull \hbox (badness 2753) in paragraph at lines 3305--3305
[][]\T1/ptm/b/n/12 DegreeXLayerOfGradedRowOrColumnMorphism (for Is-Toric-Va-ri-
ety, Is-
 []


Underfull \hbox (badness 2753) in paragraph at lines 3322--3322
[][]\T1/ptm/b/n/12 DegreeXLayerOfGradedRowOrColumnMorphism (for Is-Toric-Va-ri-
ety, Is-
 []


Underfull \hbox (badness 1460) in paragraph at lines 3346--3346
[][]\T1/ptm/b/n/12 TruncateGradedRowOrColumnMorphismInParallel (for Is-Toric-Va
-ri-ety, Is-
 []

[47]
Underfull \hbox (badness 1460) in paragraph at lines 3363--3363
[][]\T1/ptm/b/n/12 TruncateGradedRowOrColumnMorphismInParallel (for Is-Toric-Va
-ri-ety, Is-
 []


Underfull \hbox (badness 1460) in paragraph at lines 3380--3380
[][]\T1/ptm/b/n/12 TruncateGradedRowOrColumnMorphismInParallel (for Is-Toric-Va
-ri-ety, Is-
 []


Underfull \hbox (badness 1460) in paragraph at lines 3397--3397
[][]\T1/ptm/b/n/12 TruncateGradedRowOrColumnMorphismInParallel (for Is-Toric-Va
-ri-ety, Is-
 []


Underfull \hbox (badness 1460) in paragraph at lines 3414--3414
[][]\T1/ptm/b/n/12 TruncateGradedRowOrColumnMorphismInParallel (for Is-Toric-Va
-ri-ety, Is-
 []


Underfull \hbox (badness 1460) in paragraph at lines 3431--3431
[][]\T1/ptm/b/n/12 TruncateGradedRowOrColumnMorphismInParallel (for Is-Toric-Va
-ri-ety, Is-
 []

[48]pdfTeX warning (ext4): destination with the same identifier (name{L.X7A489A
5D79DA9E5C}) has been already used, duplicate ignored
<to be read again> 
                   \relax 
l.3451 \hyperdef{L}{X7A489A5D79DA9E5C}{}
                                        pdfTeX warning (ext4): destination with
 the same identifier (name{L.X841A9F698680862E}) has been already used, duplica
te ignored
<to be read again> 
                   \relax 
l.3456 \hyperdef{L}{X841A9F698680862E}{}
                                        pdfTeX warning (ext4): destination with
 the same identifier (name{L.X7F5EB67D81E29D83}) has been already used, duplica
te ignored
<to be read again> 
                   \relax 
l.3481 \hyperdef{L}{X7F5EB67D81E29D83}{}
                                         [49] [50] [51]
Chapter 11.
[52

] [53] [54] [55]
Chapter 12.
[56

]pdfTeX warning (ext4): destination with the same identifier (name{L.X7A489A5D7
9DA9E5C}) has been already used, duplicate ignored
<to be read again> 
                   \relax 
l.3887 \hyperdef{L}{X7A489A5D79DA9E5C}{}
                                         [57]
Chapter 13.

Underfull \hbox (badness 1221) in paragraph at lines 3927--3927
[][]\T1/ptm/b/n/12 TruncateInternalHom (for Is-Toric-Va-ri-ety, IsF-p-Grad-edLe
ft-Or-Right-Mod-ule-
 []


Underfull \hbox (badness 4156) in paragraph at lines 3927--3927
\T1/ptm/b/n/12 sOb-ject, IsF-p-Grad-edLeft-Or-Right-Mod-ule-sOb-ject, Is-List, 
Is-Bool, Is-Field-
 []


Underfull \hbox (badness 10000) in paragraph at lines 3930--3933

 []


Underfull \hbox (badness 5726) in paragraph at lines 3943--3943
[][]\T1/ptm/b/n/12 TruncateInternalHomEmbedding (for Is-Toric-Va-ri-ety, IsF-p-
Grad-edLeft-Or-
 []


Underfull \hbox (badness 10000) in paragraph at lines 3946--3949

 []


Underfull \hbox (badness 10000) in paragraph at lines 3959--3959
[][]\T1/ptm/b/n/12 TruncateInternalHom (for Is-Toric-Va-ri-ety, IsF-p-Grad-edLe
ft-Or-Right-Mod-
 []


Underfull \hbox (badness 2503) in paragraph at lines 3959--3959
\T1/ptm/b/n/12 ulesMor-phism, IsF-p-Grad-edLeft-Or-Right-Mod-ulesMor-phism, Is-
List, Is-Bool,
 []


Underfull \hbox (badness 10000) in paragraph at lines 3962--3965

 []


Underfull \hbox (badness 1845) in paragraph at lines 3982--3982
[][]\T1/ptm/b/n/12 TruncateInternalHomToZero (for Is-Toric-Va-ri-ety, IsF-p-Gra
d-edLeft-Or-Right-
 []


Underfull \hbox (badness 6526) in paragraph at lines 3982--3982
\T1/ptm/b/n/12 Mod-ule-sOb-ject, IsF-p-Grad-edLeft-Or-Right-Mod-ule-sOb-ject, I
s-Bool, Is-Field-
 []


Underfull \hbox (badness 10000) in paragraph at lines 3985--3988

 []


Underfull \hbox (badness 10000) in paragraph at lines 4001--4004

 []

[58

]
Underfull \hbox (badness 1845) in paragraph at lines 4014--4014
[][]\T1/ptm/b/n/12 TruncateInternalHomToZero (for Is-Toric-Va-ri-ety, IsF-p-Gra
d-edLeft-Or-Right-
 []


Underfull \hbox (badness 1043) in paragraph at lines 4014--4014
\T1/ptm/b/n/12 Mod-ulesMor-phism, IsF-p-Grad-edLeft-Or-Right-Mod-ulesMor-phism,
 Is-Bool, Is-
 []


Underfull \hbox (badness 10000) in paragraph at lines 4017--4020

 []


Underfull \hbox (badness 10000) in paragraph at lines 4040--4043

 []


Underfull \hbox (badness 3364) in paragraph at lines 4053--4053
[][]\T1/ptm/b/n/12 TruncateInternalHomEmbeddingInParallel (for Is-Toric-Va-ri-e
ty, IsF-p-Grad-
 []


Underfull \hbox (badness 3872) in paragraph at lines 4053--4053
\T1/ptm/b/n/12 edLeft-Or-Right-Mod-ule-sOb-ject, IsF-p-Grad-edLeft-Or-Right-Mod
-ule-sOb-ject, Is-
 []


Underfull \hbox (badness 10000) in paragraph at lines 4056--4059
[]$\OML/ztmcm/m/it/10.95 .$\T1/cmtt/m/n/10.95 TruncateInternalHomEmbeddingInPar
allel(\T1/cmtt/m/sl/10.95 arg1, arg2, arg3, arg4, arg5, arg6\T1/cmtt/m/n/10.95 
)[]
 []


Underfull \hbox (badness 10000) in paragraph at lines 4056--4059

 []


Underfull \hbox (badness 1924) in paragraph at lines 4069--4069
\T1/ptm/b/n/12 Mod-ulesMor-phism, IsF-p-Grad-edLeft-Or-Right-Mod-ulesMor-phism,
 Is-List, Is-
 []


Underfull \hbox (badness 10000) in paragraph at lines 4072--4075

 []


Underfull \hbox (badness 10000) in paragraph at lines 4095--4098

 []


Underfull \hbox (badness 10000) in paragraph at lines 4111--4114
[]$\OML/ztmcm/m/it/10.95 .$\T1/cmtt/m/n/10.95 TruncateInternalHomEmbeddingToZer
oInParallel(\T1/cmtt/m/sl/10.95 arg1, arg2, arg3, arg4, arg5\T1/cmtt/m/n/10.95 
)[]
 []


Underfull \hbox (badness 10000) in paragraph at lines 4111--4114

 []

[59]
Underfull \hbox (badness 1127) in paragraph at lines 4124--4124
\T1/ptm/b/n/12 Or-Right-Mod-ulesMor-phism, IsF-p-Grad-edLeft-Or-Right-Mod-ulesM
or-phism, Is-
 []


Underfull \hbox (badness 10000) in paragraph at lines 4127--4130

 []


Underfull \hbox (badness 10000) in paragraph at lines 4143--4146

 []


Underfull \hbox (badness 2503) in paragraph at lines 4156--4156
[][]\T1/ptm/b/n/12 TruncateGradedExtToZero (for IsInt, Is-Toric-Va-ri-ety, IsF-
p-Grad-edLeft-Or-
 []


Underfull \hbox (badness 10000) in paragraph at lines 4159--4162

 []


Underfull \hbox (badness 10000) in paragraph at lines 4175--4178

 []


Underfull \hbox (badness 1515) in paragraph at lines 4188--4188
[][]\T1/ptm/b/n/12 TruncateGradedExtToZeroInParallel (for IsInt, Is-Toric-Va-ri
-ety, IsF-p-Grad-
 []


Underfull \hbox (badness 3872) in paragraph at lines 4188--4188
\T1/ptm/b/n/12 edLeft-Or-Right-Mod-ule-sOb-ject, IsF-p-Grad-edLeft-Or-Right-Mod
-ule-sOb-ject, Is-
 []


Underfull \hbox (badness 10000) in paragraph at lines 4191--4194

 []

pdfTeX warning (ext4): destination with the same identifier (name{L.X7A489A5D79
DA9E5C}) has been already used, duplicate ignored
<to be read again> 
                   \relax 
l.4205 \hyperdef{L}{X7A489A5D79DA9E5C}{}
                                         [60] [61] [62] [63]
Chapter 14.
[64

]pdfTeX warning (ext4): destination with the same identifier (name{L.X7A489A5D7
9DA9E5C}) has been already used, duplicate ignored
<to be read again> 
                   \relax 
l.4545 \hyperdef{L}{X7A489A5D79DA9E5C}{}
                                         [65] [66] [67]
Chapter 15.
[68

]pdfTeX warning (ext4): destination with the same identifier (name{L.X7A489A5D7
9DA9E5C}) has been already used, duplicate ignored
<to be read again> 
                   \relax 
l.4852 \hyperdef{L}{X7A489A5D79DA9E5C}{}
                                         [69] [70] [71]
(./SheafCohomologyOnToricVarieties.ind
Underfull \hbox (badness 10000) in paragraph at lines 3--4
[]\T1/cmtt/m/n/10.95 Affine\T1/ptm/m/n/10.95 -\T1/cmtt/m/n/10.95 Semigroup\T1/p
tm/m/n/10.95 -\T1/cmtt/m/n/10.95 For\T1/ptm/m/n/10.95 -\T1/cmtt/m/n/10.95 Prese
ntations\T1/ptm/m/n/10.95 -\T1/cmtt/m/n/10.95 By\T1/ptm/m/n/10.95 -
 []


Underfull \hbox (badness 10000) in paragraph at lines 6--8
[]| \T1/ptm/m/n/10.95 for Is-Semi-group-For-P-re-sen-ta-tions-ByPro-jec-
 []


Underfull \hbox (badness 1264) in paragraph at lines 25--27
[]| \T1/ptm/m/n/10.95 for Is-Toric-Va-ri-ety, IsInt, IsInt, IsF-p-Grad-
 []


Underfull \hbox (badness 1264) in paragraph at lines 28--30
[]| \T1/ptm/m/n/10.95 for Is-Toric-Va-ri-ety, IsInt, IsInt, IsF-p-Grad-
 []


Underfull \hbox (badness 3428) in paragraph at lines 34--35
[]| \T1/ptm/m/n/10.95 for IsF-p-Grad-edLeft-Or-Right-Mod-ule-sOb-ject,
 []


Underfull \hbox (badness 10000) in paragraph at lines 56--58
[]| \T1/ptm/m/n/10.95 for Is-Semi-group-For-P-re-sen-ta-tions-ByPro-jec-
 []


Underfull \hbox (badness 10000) in paragraph at lines 63--64
[]\T1/cmtt/m/n/10.95 Deduction\T1/ptm/m/n/10.95 -\T1/cmtt/m/n/10.95 Of\T1/ptm/m
/n/10.95 -\T1/cmtt/m/n/10.95 Sheaf\T1/ptm/m/n/10.95 -\T1/cmtt/m/n/10.95 Cohomol
ogy\T1/ptm/m/n/10.95 -\T1/cmtt/m/n/10.95 From\T1/ptm/m/n/10.95 -
 []


Underfull \hbox (badness 10000) in paragraph at lines 71--73
\T1/ptm/m/n/10.95 IsHoma-l-gMod-uleEle-ment, Is-Field-
 []


Underfull \hbox (badness 10000) in paragraph at lines 77--78
[]\T1/cmtt/m/n/10.95 Degree\T1/ptm/m/n/10.95 -\T1/cmtt/m/n/10.95 X\T1/ptm/m/n/1
0.95 -\T1/cmtt/m/n/10.95 Layer\T1/ptm/m/n/10.95 -\T1/cmtt/m/n/10.95 Of\T1/ptm/m
/n/10.95 -\T1/cmtt/m/n/10.95 Graded\T1/ptm/m/n/10.95 -\T1/cmtt/m/n/10.95 Row\T1
/ptm/m/n/10.95 -\T1/cmtt/m/n/10.95 Or\T1/ptm/m/n/10.95 -\T1/cmtt/m/n/10.95 Colu
mn\T1/ptm/m/n/10.95 -
 []


Underfull \hbox (badness 1320) in paragraph at lines 78--80
[]| \T1/ptm/m/n/10.95 for Is-Toric-Va-ri-ety, Is-Grad-edRowOr-Colum-
 []


Underfull \hbox (badness 1320) in paragraph at lines 80--82
[]| \T1/ptm/m/n/10.95 for Is-Toric-Va-ri-ety, Is-Grad-edRowOr-Colum-
 []

[72


]
Underfull \hbox (badness 1320) in paragraph at lines 82--84
[]| \T1/ptm/m/n/10.95 for Is-Toric-Va-ri-ety, Is-Grad-edRowOr-Colum-
 []


Underfull \hbox (badness 1320) in paragraph at lines 88--90
[]| \T1/ptm/m/n/10.95 for Is-Toric-Va-ri-ety, Is-Grad-edRowOr-Colum-
 []


Underfull \hbox (badness 4765) in paragraph at lines 91--93
[]| \T1/ptm/m/n/10.95 for Is-List, IsHoma-lgGrad-edRing, IsVec-
 []


Underfull \hbox (badness 10000) in paragraph at lines 94--96
[]| \T1/ptm/m/n/10.95 for Is-De-gre-eXLay-erVec-torSpace, IsVec-
 []


Underfull \hbox (badness 10000) in paragraph at lines 94--96
\T1/ptm/m/n/10.95 torSpace-Mor-phism, Is-De-gre-eXLay-
 []


Underfull \hbox (badness 3826) in paragraph at lines 97--98
[]| \T1/ptm/m/n/10.95 for Is-De-gre-eXLay-erVec-torSpace-Mor-phism,
 []


Underfull \hbox (badness 10000) in paragraph at lines 98--99
[]\T1/cmtt/m/n/10.95 Degree\T1/ptm/m/n/10.95 -\T1/cmtt/m/n/10.95 X\T1/ptm/m/n/1
0.95 -\T1/cmtt/m/n/10.95 Layer\T1/ptm/m/n/10.95 -\T1/cmtt/m/n/10.95 Vector\T1/p
tm/m/n/10.95 -\T1/cmtt/m/n/10.95 Space\T1/ptm/m/n/10.95 -\T1/cmtt/m/n/10.95 Pre
sentation\T1/ptm/m/n/10.95 -
 []


Underfull \hbox (badness 10000) in paragraph at lines 99--101
[]| \T1/ptm/m/n/10.95 for Is-De-gre-eXLay-erVec-torSpaceP-re-sen-ta-
 []


Underfull \hbox (badness 6316) in paragraph at lines 99--101
\T1/ptm/m/n/10.95 tion, IsVec-torSpace-Mor-phism, Is-De-
 []


Underfull \hbox (badness 10000) in paragraph at lines 99--101
\T1/ptm/m/n/10.95 gre-eXLay-erVec-torSpaceP-re-sen-ta-tion,
 []


Underfull \hbox (badness 10000) in paragraph at lines 105--107
[]| \T1/ptm/m/n/10.95 for IsAffine-Semi-group-For-P-re-sen-ta-tions-
 []


Underfull \hbox (badness 10000) in paragraph at lines 108--110
[]| \T1/ptm/m/n/10.95 for Is-Semi-group-For-P-re-sen-ta-tions-ByPro-jec-
 []


Underfull \hbox (badness 10000) in paragraph at lines 124--125
[]| \T1/ptm/m/n/10.95 for Is-De-gre-eXLay-erVec-torSpaceP-re-sen-ta-
 []


Underfull \hbox (badness 10000) in paragraph at lines 125--127
[]| \T1/ptm/m/n/10.95 for Is-De-gre-eXLay-erVec-torSpaceP-re-sen-ta-
 []


Underfull \hbox (badness 10000) in paragraph at lines 131--133
[]| \T1/ptm/m/n/10.95 for Is-Semi-group-For-P-re-sen-ta-tions-ByPro-jec-
 []


Underfull \hbox (badness 10000) in paragraph at lines 135--136
[]\T1/cmtt/m/n/10.95 Generators\T1/ptm/m/n/10.95 -\T1/cmtt/m/n/10.95 Of\T1/ptm/
m/n/10.95 -\T1/cmtt/m/n/10.95 Degree\T1/ptm/m/n/10.95 -\T1/cmtt/m/n/10.95 X\T1/
ptm/m/n/10.95 -\T1/cmtt/m/n/10.95 Layer\T1/ptm/m/n/10.95 -\T1/cmtt/m/n/10.95 Of
\T1/ptm/m/n/10.95 -\T1/cmtt/m/n/10.95 Graded\T1/ptm/m/n/10.95 -\T1/cmtt/m/n/10.
95 Row\T1/ptm/m/n/10.95 -\T1/cmtt/m/n/10.95 Or\T1/ptm/m/n/10.95 -
 []


Underfull \hbox (badness 10000) in paragraph at lines 140--141
[]\T1/cmtt/m/n/10.95 Generators\T1/ptm/m/n/10.95 -\T1/cmtt/m/n/10.95 Of\T1/ptm/
m/n/10.95 -\T1/cmtt/m/n/10.95 Degree\T1/ptm/m/n/10.95 -\T1/cmtt/m/n/10.95 X\T1/
ptm/m/n/10.95 -\T1/cmtt/m/n/10.95 Layer\T1/ptm/m/n/10.95 -\T1/cmtt/m/n/10.95 Of
\T1/ptm/m/n/10.95 -\T1/cmtt/m/n/10.95 Graded\T1/ptm/m/n/10.95 -\T1/cmtt/m/n/10.
95 Row\T1/ptm/m/n/10.95 -\T1/cmtt/m/n/10.95 Or\T1/ptm/m/n/10.95 -
 []


Underfull \hbox (badness 10000) in paragraph at lines 145--146
[]\T1/cmtt/m/n/10.95 Generators\T1/ptm/m/n/10.95 -\T1/cmtt/m/n/10.95 Of\T1/ptm/
m/n/10.95 -\T1/cmtt/m/n/10.95 Degree\T1/ptm/m/n/10.95 -\T1/cmtt/m/n/10.95 X\T1/
ptm/m/n/10.95 -\T1/cmtt/m/n/10.95 Layer\T1/ptm/m/n/10.95 -\T1/cmtt/m/n/10.95 Of
\T1/ptm/m/n/10.95 -\T1/cmtt/m/n/10.95 Graded\T1/ptm/m/n/10.95 -\T1/cmtt/m/n/10.
95 Row\T1/ptm/m/n/10.95 -\T1/cmtt/m/n/10.95 Or\T1/ptm/m/n/10.95 -
 []


Underfull \hbox (badness 10000) in paragraph at lines 150--151
[]\T1/cmtt/m/n/10.95 Generators\T1/ptm/m/n/10.95 -\T1/cmtt/m/n/10.95 Of\T1/ptm/
m/n/10.95 -\T1/cmtt/m/n/10.95 Degree\T1/ptm/m/n/10.95 -\T1/cmtt/m/n/10.95 X\T1/
ptm/m/n/10.95 -\T1/cmtt/m/n/10.95 Layer\T1/ptm/m/n/10.95 -\T1/cmtt/m/n/10.95 Of
\T1/ptm/m/n/10.95 -\T1/cmtt/m/n/10.95 Graded\T1/ptm/m/n/10.95 -\T1/cmtt/m/n/10.
95 Row\T1/ptm/m/n/10.95 -\T1/cmtt/m/n/10.95 Or\T1/ptm/m/n/10.95 -
 []

[73]
Underfull \hbox (badness 10000) in paragraph at lines 202--203
[]\T1/cmtt/m/n/10.95 IsAffine\T1/ptm/m/n/10.95 -\T1/cmtt/m/n/10.95 Semigroup\T1
/ptm/m/n/10.95 -\T1/cmtt/m/n/10.95 For\T1/ptm/m/n/10.95 -\T1/cmtt/m/n/10.95 Pre
sentations\T1/ptm/m/n/10.95 -\T1/cmtt/m/n/10.95 By\T1/ptm/m/n/10.95 -
 []


Underfull \hbox (badness 10000) in paragraph at lines 205--207
[]| \T1/ptm/m/n/10.95 for IsAffine-Semi-group-For-P-re-sen-ta-tions-
 []


Underfull \hbox (badness 10000) in paragraph at lines 215--216
[]\T1/cmtt/m/n/10.95 IsDegree\T1/ptm/m/n/10.95 -\T1/cmtt/m/n/10.95 X\T1/ptm/m/n
/10.95 -\T1/cmtt/m/n/10.95 Layer\T1/ptm/m/n/10.95 -\T1/cmtt/m/n/10.95 Vector\T1
/ptm/m/n/10.95 -\T1/cmtt/m/n/10.95 Space\T1/ptm/m/n/10.95 -\T1/cmtt/m/n/10.95 P
resentation\T1/ptm/m/n/10.95 -
 []


Underfull \hbox (badness 10000) in paragraph at lines 225--226
[]\T1/cmtt/m/n/10.95 IsSemigroup\T1/ptm/m/n/10.95 -\T1/cmtt/m/n/10.95 For\T1/pt
m/m/n/10.95 -\T1/cmtt/m/n/10.95 Presentations\T1/ptm/m/n/10.95 -\T1/cmtt/m/n/10
.95 By\T1/ptm/m/n/10.95 -
 []


Underfull \hbox (badness 10000) in paragraph at lines 228--230
[]| \T1/ptm/m/n/10.95 for Is-Semi-group-For-P-re-sen-ta-tions-ByPro-jec-
 []


Underfull \hbox (badness 10000) in paragraph at lines 231--233
[]| \T1/ptm/m/n/10.95 for IsAffine-Semi-group-For-P-re-sen-ta-tions-
 []


Underfull \hbox (badness 10000) in paragraph at lines 233--235
[]| \T1/ptm/m/n/10.95 for Is-Semi-group-For-P-re-sen-ta-tions-ByPro-jec-
 []


Underfull \hbox (badness 3428) in paragraph at lines 252--253
[]| \T1/ptm/m/n/10.95 for IsF-p-Grad-edLeft-Or-Right-Mod-ule-sOb-ject,
 []


Underfull \hbox (badness 10000) in paragraph at lines 255--256
[]\T1/cmtt/m/n/10.95 Monoms\T1/ptm/m/n/10.95 -\T1/cmtt/m/n/10.95 Of\T1/ptm/m/n/
10.95 -\T1/cmtt/m/n/10.95 Cox\T1/ptm/m/n/10.95 -\T1/cmtt/m/n/10.95 Ring\T1/ptm/
m/n/10.95 -\T1/cmtt/m/n/10.95 Of\T1/ptm/m/n/10.95 -\T1/cmtt/m/n/10.95 Degree\T1
/ptm/m/n/10.95 -\T1/cmtt/m/n/10.95 By\T1/ptm/m/n/10.95 -\T1/cmtt/m/n/10.95 Norm
aliz\T1/ptm/m/n/10.95 -\T1/cmtt/m/n/10.95 As\T1/ptm/m/n/10.95 -
 []

[74]
Underfull \hbox (badness 10000) in paragraph at lines 269--270
[]\T1/cmtt/m/n/10.95 Nef\T1/ptm/m/n/10.95 -\T1/cmtt/m/n/10.95 Cone\T1/ptm/m/n/1
0.95 -\T1/cmtt/m/n/10.95 In\T1/ptm/m/n/10.95 -\T1/cmtt/m/n/10.95 Torus\T1/ptm/m
/n/10.95 -\T1/cmtt/m/n/10.95 Invariant\T1/ptm/m/n/10.95 -\T1/cmtt/m/n/10.95 Wei
l\T1/ptm/m/n/10.95 -\T1/cmtt/m/n/10.95 Divisor\T1/ptm/m/n/10.95 -
 []


Underfull \hbox (badness 10000) in paragraph at lines 275--277
[]| \T1/ptm/m/n/10.95 for IsAffine-Semi-group-For-P-re-sen-ta-tions-
 []


Underfull \hbox (badness 10000) in paragraph at lines 281--283
\T1/ptm/m/n/10.95 Mod-ule-sOb-ject, IsF-p-Grad-edLeft-Or-
 []


Underfull \hbox (badness 10000) in paragraph at lines 284--286
[]| \T1/ptm/m/n/10.95 for IsAffine-Semi-group-For-P-re-sen-ta-tions-
 []


Underfull \hbox (badness 10000) in paragraph at lines 284--286
\T1/ptm/m/n/10.95 ByPro-jec-tive-G-rad-ed-Mod-ules, Is-List,
 []


Underfull \hbox (badness 10000) in paragraph at lines 287--289
[]| \T1/ptm/m/n/10.95 for Is-Semi-group-For-P-re-sen-ta-tions-ByPro-jec-
 []


Underfull \hbox (badness 3826) in paragraph at lines 297--298
[]| \T1/ptm/m/n/10.95 for Is-De-gre-eXLay-erVec-torSpace-Mor-phism,
 []


Underfull \hbox (badness 10000) in paragraph at lines 298--300
[]| \T1/ptm/m/n/10.95 for Is-De-gre-eXLay-erVec-torSpaceP-re-sen-ta-
 []


Underfull \hbox (badness 2717) in paragraph at lines 310--312
[]| \T1/ptm/m/n/10.95 for Is-String, IsF-p-Grad-edLeft-Or-Right-Mod-
 []


Underfull \hbox (badness 2717) in paragraph at lines 313--315
[]| \T1/ptm/m/n/10.95 for Is-String, IsF-p-Grad-edLeft-Or-Right-Mod-
 []


Underfull \hbox (badness 10000) in paragraph at lines 315--316
[]\T1/cmtt/m/n/10.95 Semigroup\T1/ptm/m/n/10.95 -\T1/cmtt/m/n/10.95 For\T1/ptm/
m/n/10.95 -\T1/cmtt/m/n/10.95 Presentations\T1/ptm/m/n/10.95 -\T1/cmtt/m/n/10.9
5 By\T1/ptm/m/n/10.95 -\T1/cmtt/m/n/10.95 Projective\T1/ptm/m/n/10.95 -
 []


Underfull \hbox (badness 3826) in paragraph at lines 319--320
[]| \T1/ptm/m/n/10.95 for Is-De-gre-eXLay-erVec-torSpace-Mor-phism,
 []


Underfull \hbox (badness 10000) in paragraph at lines 320--322
[]| \T1/ptm/m/n/10.95 for Is-De-gre-eXLay-erVec-torSpaceP-re-sen-ta-
 []


Underfull \hbox (badness 10000) in paragraph at lines 338--339
[]\T1/cmtt/m/n/10.95 Truncate\T1/ptm/m/n/10.95 -\T1/cmtt/m/n/10.95 F\T1/ptm/m/n
/10.95 -\T1/cmtt/m/n/10.95 P\T1/ptm/m/n/10.95 -\T1/cmtt/m/n/10.95 Graded\T1/ptm
/m/n/10.95 -\T1/cmtt/m/n/10.95 Module\T1/ptm/m/n/10.95 -\T1/cmtt/m/n/10.95 Morp
hism\T1/ptm/m/n/10.95 -\T1/cmtt/m/n/10.95 In\T1/ptm/m/n/10.95 -
 []


Underfull \hbox (badness 1472) in paragraph at lines 339--341
\T1/ptm/m/n/10.95 Mod-ulesMor-phism, Is-List, Is-List, Is-
 []


Underfull \hbox (badness 2512) in paragraph at lines 342--344
\T1/ptm/m/n/10.95 Right-Mod-ule-sOb-ject, IsF-p-Grad-edLeft-
 []


Underfull \hbox (badness 1418) in paragraph at lines 342--344
\T1/ptm/m/n/10.95 Or-Right-Mod-ule-sOb-ject, Is-List, Is-List,
 []


Underfull \hbox (badness 2512) in paragraph at lines 345--347
\T1/ptm/m/n/10.95 Right-Mod-ule-sOb-ject, IsF-p-Grad-edLeft-
 []


Underfull \hbox (badness 1418) in paragraph at lines 345--347
\T1/ptm/m/n/10.95 Or-Right-Mod-ule-sOb-ject, Is-List, Is-List,
 []


Underfull \hbox (badness 2512) in paragraph at lines 348--350
\T1/ptm/m/n/10.95 Right-Mod-ule-sOb-ject, IsF-p-Grad-edLeft-
 []


Underfull \hbox (badness 2512) in paragraph at lines 351--353
\T1/ptm/m/n/10.95 Right-Mod-ule-sOb-ject, IsF-p-Grad-edLeft-
 []

[75]
Underfull \hbox (badness 10000) in paragraph at lines 356--358
\T1/ptm/m/n/10.95 IsHoma-l-gMod-uleEle-ment, Is-Field-
 []


Underfull \hbox (badness 1320) in paragraph at lines 363--365
[]| \T1/ptm/m/n/10.95 for Is-Toric-Va-ri-ety, Is-Grad-edRowOr-Colum-
 []


Underfull \hbox (badness 1320) in paragraph at lines 365--367
[]| \T1/ptm/m/n/10.95 for Is-Toric-Va-ri-ety, Is-Grad-edRowOr-Colum-
 []


Underfull \hbox (badness 1320) in paragraph at lines 367--369
[]| \T1/ptm/m/n/10.95 for Is-Toric-Va-ri-ety, Is-Grad-edRowOr-Colum-
 []


Underfull \hbox (badness 1320) in paragraph at lines 373--375
[]| \T1/ptm/m/n/10.95 for Is-Toric-Va-ri-ety, Is-Grad-edRowOr-Colum-
 []


Underfull \hbox (badness 4060) in paragraph at lines 373--375
\T1/ptm/m/n/10.95 n-Mor-phism, Is-List, Is-Bool, Is-Field-
 []


Underfull \hbox (badness 10000) in paragraph at lines 375--376
[]\T1/cmtt/m/n/10.95 Truncate\T1/ptm/m/n/10.95 -\T1/cmtt/m/n/10.95 Graded\T1/pt
m/m/n/10.95 -\T1/cmtt/m/n/10.95 Row\T1/ptm/m/n/10.95 -\T1/cmtt/m/n/10.95 Or\T1/
ptm/m/n/10.95 -\T1/cmtt/m/n/10.95 Column\T1/ptm/m/n/10.95 -\T1/cmtt/m/n/10.95 M
orphism\T1/ptm/m/n/10.95 -\T1/cmtt/m/n/10.95 In\T1/ptm/m/n/10.95 -
 []


Underfull \hbox (badness 1320) in paragraph at lines 376--378
[]| \T1/ptm/m/n/10.95 for Is-Toric-Va-ri-ety, Is-Grad-edRowOr-Colum-
 []


Underfull \hbox (badness 1320) in paragraph at lines 378--380
[]| \T1/ptm/m/n/10.95 for Is-Toric-Va-ri-ety, Is-Grad-edRowOr-Colum-
 []


Underfull \hbox (badness 1320) in paragraph at lines 380--382
[]| \T1/ptm/m/n/10.95 for Is-Toric-Va-ri-ety, Is-Grad-edRowOr-Colum-
 []


Underfull \hbox (badness 10000) in paragraph at lines 391--393
\T1/ptm/m/n/10.95 Mod-ule-sOb-ject, IsF-p-Grad-edLeft-Or-
 []


Underfull \hbox (badness 7379) in paragraph at lines 391--393
\T1/ptm/m/n/10.95 Right-Mod-ule-sOb-ject, Is-List, Is-Bool,
 []


Underfull \hbox (badness 10000) in paragraph at lines 394--396
\T1/ptm/m/n/10.95 Mod-ule-sOb-ject, IsF-p-Grad-edLeft-Or-
 []


Underfull \hbox (badness 7379) in paragraph at lines 394--396
\T1/ptm/m/n/10.95 Right-Mod-ule-sOb-ject, Is-List, Is-Bool,
 []


Underfull \hbox (badness 10000) in paragraph at lines 397--399
\T1/ptm/m/n/10.95 Mod-ule-sOb-ject, IsF-p-Grad-edLeft-Or-
 []


Underfull \hbox (badness 7379) in paragraph at lines 397--399
\T1/ptm/m/n/10.95 Right-Mod-ule-sOb-ject, Is-List, Is-Bool,
 []


Underfull \hbox (badness 10000) in paragraph at lines 400--402
[]| \T1/ptm/m/n/10.95 for Is-Toric-Va-ri-ety, IsF-p-Grad-edLeft-Or-
 []


Underfull \hbox (badness 10000) in paragraph at lines 400--402
\T1/ptm/m/n/10.95 Right-Mod-ule-sOb-ject, IsF-p-Grad-
 []


Underfull \hbox (badness 4913) in paragraph at lines 400--402
\T1/ptm/m/n/10.95 edLeft-Or-Right-Mod-ule-sOb-ject, Is-Bool,
 []


Underfull \hbox (badness 10000) in paragraph at lines 402--403
[]\T1/cmtt/m/n/10.95 Truncate\T1/ptm/m/n/10.95 -\T1/cmtt/m/n/10.95 Internal\T1/
ptm/m/n/10.95 -\T1/cmtt/m/n/10.95 Hom\T1/ptm/m/n/10.95 -\T1/cmtt/m/n/10.95 Embe
dding\T1/ptm/m/n/10.95 -\T1/cmtt/m/n/10.95 To\T1/ptm/m/n/10.95 -\T1/cmtt/m/n/10
.95 Zero\T1/ptm/m/n/10.95 -\T1/cmtt/m/n/10.95 In\T1/ptm/m/n/10.95 -
 []


Underfull \hbox (badness 10000) in paragraph at lines 403--405
[]| \T1/ptm/m/n/10.95 for Is-Toric-Va-ri-ety, IsF-p-Grad-edLeft-Or-
 []


Underfull \hbox (badness 10000) in paragraph at lines 403--405
\T1/ptm/m/n/10.95 Right-Mod-ule-sOb-ject, IsF-p-Grad-
 []


Underfull \hbox (badness 4913) in paragraph at lines 403--405
\T1/ptm/m/n/10.95 edLeft-Or-Right-Mod-ule-sOb-ject, Is-Bool,
 []


Underfull \hbox (badness 10000) in paragraph at lines 408--410
\T1/ptm/m/n/10.95 Mod-ule-sOb-ject, IsF-p-Grad-edLeft-Or-
 []


Underfull \hbox (badness 7379) in paragraph at lines 408--410
\T1/ptm/m/n/10.95 Right-Mod-ule-sOb-ject, Is-List, Is-Bool,
 []


Underfull \hbox (badness 6995) in paragraph at lines 411--413
\T1/ptm/m/n/10.95 Right-Mod-ulesMor-phism, Is-Bool, Is-
 []


Underfull \hbox (badness 10000) in paragraph at lines 413--415
[]| \T1/ptm/m/n/10.95 for Is-Toric-Va-ri-ety, IsF-p-Grad-edLeft-Or-
 []


Underfull \hbox (badness 10000) in paragraph at lines 413--415
\T1/ptm/m/n/10.95 Right-Mod-ule-sOb-ject, IsF-p-Grad-
 []


Underfull \hbox (badness 4913) in paragraph at lines 413--415
\T1/ptm/m/n/10.95 edLeft-Or-Right-Mod-ule-sOb-ject, Is-Bool,
 []

[76]
Underfull \hbox (badness 6995) in paragraph at lines 416--418
\T1/ptm/m/n/10.95 Right-Mod-ulesMor-phism, Is-Bool, Is-
 []


Underfull \hbox (badness 10000) in paragraph at lines 418--420
[]| \T1/ptm/m/n/10.95 for Is-Toric-Va-ri-ety, IsF-p-Grad-edLeft-Or-
 []


Underfull \hbox (badness 10000) in paragraph at lines 418--420
\T1/ptm/m/n/10.95 Right-Mod-ule-sOb-ject, IsF-p-Grad-
 []


Underfull \hbox (badness 4913) in paragraph at lines 418--420
\T1/ptm/m/n/10.95 edLeft-Or-Right-Mod-ule-sOb-ject, Is-Bool,
 []


Underfull \hbox (badness 10000) in paragraph at lines 420--421
[]\T1/cmtt/m/n/10.95 Truncation\T1/ptm/m/n/10.95 -\T1/cmtt/m/n/10.95 Functor\T1
/ptm/m/n/10.95 -\T1/cmtt/m/n/10.95 For\T1/ptm/m/n/10.95 -\T1/cmtt/m/n/10.95 Fp\
T1/ptm/m/n/10.95 -\T1/cmtt/m/n/10.95 Graded\T1/ptm/m/n/10.95 -\T1/cmtt/m/n/10.9
5 Left\T1/ptm/m/n/10.95 -
 []


Underfull \hbox (badness 10000) in paragraph at lines 422--423
[]\T1/cmtt/m/n/10.95 Truncation\T1/ptm/m/n/10.95 -\T1/cmtt/m/n/10.95 Functor\T1
/ptm/m/n/10.95 -\T1/cmtt/m/n/10.95 For\T1/ptm/m/n/10.95 -\T1/cmtt/m/n/10.95 Fp\
T1/ptm/m/n/10.95 -\T1/cmtt/m/n/10.95 Graded\T1/ptm/m/n/10.95 -\T1/cmtt/m/n/10.9
5 Right\T1/ptm/m/n/10.95 -
 []


Underfull \hbox (badness 3428) in paragraph at lines 431--432
[]| \T1/ptm/m/n/10.95 for IsF-p-Grad-edLeft-Or-Right-Mod-ule-sOb-ject,
 []


Underfull \hbox (badness 10000) in paragraph at lines 435--436
[]\T1/cmtt/m/n/10.95 Underlying\T1/ptm/m/n/10.95 -\T1/cmtt/m/n/10.95 Degree\T1/
ptm/m/n/10.95 -\T1/cmtt/m/n/10.95 X\T1/ptm/m/n/10.95 -\T1/cmtt/m/n/10.95 Layer\
T1/ptm/m/n/10.95 -\T1/cmtt/m/n/10.95 Vector\T1/ptm/m/n/10.95 -\T1/cmtt/m/n/10.9
5 Space\T1/ptm/m/n/10.95 -
 []


Underfull \hbox (badness 10000) in paragraph at lines 436--437
[]| \T1/ptm/m/n/10.95 for Is-De-gre-eXLay-erVec-torSpaceP-re-sen-ta-
 []


Underfull \hbox (badness 3826) in paragraph at lines 441--442
[]| \T1/ptm/m/n/10.95 for Is-De-gre-eXLay-erVec-torSpace-Mor-phism,
 []


Underfull \hbox (badness 10000) in paragraph at lines 442--443
[]| \T1/ptm/m/n/10.95 for Is-De-gre-eXLay-erVec-torSpaceP-re-sen-ta-
 []


Underfull \hbox (badness 10000) in paragraph at lines 443--445
[]| \T1/ptm/m/n/10.95 for Is-De-gre-eXLay-erVec-torSpaceP-re-sen-ta-
 []


Underfull \hbox (badness 10000) in paragraph at lines 446--448
[]| \T1/ptm/m/n/10.95 for IsAffine-Semi-group-For-P-re-sen-ta-tions-
 []


Underfull \hbox (badness 3826) in paragraph at lines 449--450
[]| \T1/ptm/m/n/10.95 for Is-De-gre-eXLay-erVec-torSpace-Mor-phism,
 []


Underfull \hbox (badness 10000) in paragraph at lines 450--451
[]| \T1/ptm/m/n/10.95 for Is-De-gre-eXLay-erVec-torSpaceP-re-sen-ta-
 []


Underfull \hbox (badness 10000) in paragraph at lines 453--454
[]| \T1/ptm/m/n/10.95 for Is-De-gre-eXLay-erVec-torSpaceP-re-sen-ta-
 []


Underfull \hbox (badness 10000) in paragraph at lines 455--456
[]| \T1/ptm/m/n/10.95 for Is-De-gre-eXLay-erVec-torSpaceP-re-sen-ta-
 []


Underfull \hbox (badness 10000) in paragraph at lines 456--457
[]\T1/cmtt/m/n/10.95 Underlying\T1/ptm/m/n/10.95 -\T1/cmtt/m/n/10.95 Vector\T1/
ptm/m/n/10.95 -\T1/cmtt/m/n/10.95 Space\T1/ptm/m/n/10.95 -\T1/cmtt/m/n/10.95 Pr
esentation\T1/ptm/m/n/10.95 -
 []


Underfull \hbox (badness 10000) in paragraph at lines 457--459
[]| \T1/ptm/m/n/10.95 for Is-De-gre-eXLay-erVec-torSpaceP-re-sen-ta-
 []

[77])
Package atveryend Info: Empty hook `BeforeClearDocument' on input line 4955.
Package atveryend Info: Empty hook `AfterLastShipout' on input line 4955.
 (./SheafCohomologyOnToricVarieties.aux)
Package atveryend Info: Executing hook `AtVeryEndDocument' on input line 4955.
Package atveryend Info: Executing hook `AtEndAfterFileList' on input line 4955.

Package rerunfilecheck Info: File `SheafCohomologyOnToricVarieties.out' has not
 changed.
(rerunfilecheck)             Checksum: 807B79483DF91D0000474E0A4068DFD8;7130.
Package atveryend Info: Empty hook `AtVeryVeryEnd' on input line 4955.
 ) 
Here is how much of TeX's memory you used:
 8549 strings out of 492982
 144783 string characters out of 6134895
 230576 words of memory out of 5000000
 11342 multiletter control sequences out of 15000+600000
 66438 words of font info for 92 fonts, out of 8000000 for 9000
 1141 hyphenation exceptions out of 8191
 32i,7n,28p,616b,609s stack positions out of 5000i,500n,10000p,200000b,80000s
{/usr/share/texmf/fonts/enc/dvips/cm-super/cm-super-t1.enc}{/usr/share/texliv
e/texmf-dist/fonts/enc/dvips/base/8r.enc}</usr/share/texlive/texmf-dist/fonts/t
ype1/public/amsfonts/cm/cmex10.pfb></usr/share/texlive/texmf-dist/fonts/type1/p
ublic/amsfonts/cm/cmmi10.pfb></usr/share/texlive/texmf-dist/fonts/type1/public/
amsfonts/cm/cmr10.pfb></usr/share/texlive/texmf-dist/fonts/type1/public/amsfont
s/cm/cmsy10.pfb></usr/share/texlive/texmf-dist/fonts/type1/public/amsfonts/symb
ols/msbm10.pfb></usr/share/texlive/texmf-dist/fonts/type1/public/rsfs/rsfs10.pf
b></usr/share/texmf/fonts/type1/public/cm-super/sfst1095.pfb></usr/share/texmf/
fonts/type1/public/cm-super/sftt1000.pfb></usr/share/texmf/fonts/type1/public/c
m-super/sftt1095.pfb></usr/share/texlive/texmf-dist/fonts/type1/urw/symbol/usyr
.pfb></usr/share/texlive/texmf-dist/fonts/type1/urw/symbol/usyr.pfb></usr/share
/texlive/texmf-dist/fonts/type1/urw/times/utmb8a.pfb></usr/share/texlive/texmf-
dist/fonts/type1/urw/times/utmr8a.pfb></usr/share/texlive/texmf-dist/fonts/type
1/urw/times/utmr8a.pfb></usr/share/texlive/texmf-dist/fonts/type1/urw/times/utm
ri8a.pfb>
Output written on SheafCohomologyOnToricVarieties.pdf (77 pages, 353624 bytes).

PDF statistics:
 1648 PDF objects out of 1728 (max. 8388607)
 1538 compressed objects within 16 object streams
 647 named destinations out of 1000 (max. 500000)
 705 words of extra memory for PDF output out of 10000 (max. 10000000)

